# -*- tcl -*- lib/ppm/log/activetcl8.5-thread/install.log v1.0 
# DO NOT DELETE THIS FILE. 
# It is needed by the uninstaller to clean up properly. 
# Installed on Tue May 29 17:22:02 PDT 2018

INSTALLTYPE user
MKDIR C:/Tcl/lib/ppm/log/activetcl8.5-thread
MKDIR C:/Tcl/lib/ppm/log
MKDIR C:/Tcl/lib/ppm
MKDIR C:/Tcl/lib
FILECOPY C:/Tcl/lib/ppm/log/activetcl8.5-thread/install.log
FILECOPY C:/Tcl/lib/ppm/log/activetcl8.5-thread/uninstall.exe
MKDIR C:/Tcl/lib/ppm/log/activetcl8.5-thread/install_images
FILECOPY C:/Tcl/lib/ppm/log/activetcl8.5-thread/install_images/uninstall.ico
MKDIR C:/Tcl
MKDIR C:/Tcl/bin
FILECOPY C:/Tcl/bin/base-tcl8.5-thread-win32-ix86.dll
FILECOPY C:/Tcl/bin/base-tcl8.5-thread-win32-ix86.exe
FILECOPY C:/Tcl/bin/base-tk8.5-thread-win32-ix86.exe
FILECOPY C:/Tcl/bin/tcl85.dll
FILECOPY C:/Tcl/bin/tclpip85.dll
FILECOPY C:/Tcl/bin/tclsh.exe
FILECOPY C:/Tcl/bin/tclsh85.exe
FILECOPY C:/Tcl/bin/tclvfse.tcl
FILECOPY C:/Tcl/bin/teacup.exe
FILECOPY C:/Tcl/bin/tk85.dll
FILECOPY C:/Tcl/bin/tkcon.tcl
FILECOPY C:/Tcl/bin/wish.exe
FILECOPY C:/Tcl/bin/wish85.exe
MKDIR C:/Tcl/doc
FILECOPY C:/Tcl/doc/ActiveTclHelp8.5.chm
FILECOPY C:/Tcl/doc/TclVFSE.html
FILECOPY C:/Tcl/doc/aspn.css
MKDIR C:/Tcl/doc/images
FILECOPY C:/Tcl/doc/images/AS_logo.gif
FILECOPY C:/Tcl/doc/images/ActiveTcl.gif
FILECOPY C:/Tcl/doc/images/VFSE.gif
MKDIR C:/Tcl/include
FILECOPY C:/Tcl/include/tcl.h
FILECOPY C:/Tcl/include/tclDecls.h
FILECOPY C:/Tcl/include/tclInt.h
FILECOPY C:/Tcl/include/tclIntDecls.h
FILECOPY C:/Tcl/include/tclIntPlatDecls.h
FILECOPY C:/Tcl/include/tclPlatDecls.h
FILECOPY C:/Tcl/include/tclPort.h
FILECOPY C:/Tcl/include/tclThread.h
FILECOPY C:/Tcl/include/tclTomMath.h
FILECOPY C:/Tcl/include/tclTomMathDecls.h
FILECOPY C:/Tcl/include/tclWinPort.h
FILECOPY C:/Tcl/include/tk.h
FILECOPY C:/Tcl/include/tkDecls.h
FILECOPY C:/Tcl/include/tkInt.h
FILECOPY C:/Tcl/include/tkIntDecls.h
FILECOPY C:/Tcl/include/tkIntPlatDecls.h
FILECOPY C:/Tcl/include/tkIntXlibDecls.h
FILECOPY C:/Tcl/include/tkPlatDecls.h
FILECOPY C:/Tcl/include/tkPort.h
FILECOPY C:/Tcl/include/tkWin.h
FILECOPY C:/Tcl/include/tkWinInt.h
FILECOPY C:/Tcl/include/tkWinPort.h
MKDIR C:/Tcl/include/X11
FILECOPY C:/Tcl/include/X11/X.h
FILECOPY C:/Tcl/include/X11/Xatom.h
FILECOPY C:/Tcl/include/X11/Xfuncproto.h
FILECOPY C:/Tcl/include/X11/Xlib.h
FILECOPY C:/Tcl/include/X11/Xutil.h
FILECOPY C:/Tcl/include/X11/cursorfont.h
FILECOPY C:/Tcl/include/X11/keysym.h
FILECOPY C:/Tcl/include/X11/keysymdef.h
MKDIR C:/Tcl/include/tcl8.5
FILECOPY C:/Tcl/include/tcl8.5/tcl.h
FILECOPY C:/Tcl/include/tcl8.5/tclDecls.h
FILECOPY C:/Tcl/include/tcl8.5/tclInt.h
FILECOPY C:/Tcl/include/tcl8.5/tclIntDecls.h
FILECOPY C:/Tcl/include/tcl8.5/tclIntPlatDecls.h
FILECOPY C:/Tcl/include/tcl8.5/tclPlatDecls.h
FILECOPY C:/Tcl/include/tcl8.5/tclPort.h
FILECOPY C:/Tcl/include/tcl8.5/tclThread.h
FILECOPY C:/Tcl/include/tcl8.5/tclTomMath.h
FILECOPY C:/Tcl/include/tcl8.5/tclTomMathDecls.h
FILECOPY C:/Tcl/include/tcl8.5/tclWinPort.h
FILECOPY C:/Tcl/include/tcl8.5/tk.h
FILECOPY C:/Tcl/include/tcl8.5/tkDecls.h
FILECOPY C:/Tcl/include/tcl8.5/tkInt.h
FILECOPY C:/Tcl/include/tcl8.5/tkIntDecls.h
FILECOPY C:/Tcl/include/tcl8.5/tkIntPlatDecls.h
FILECOPY C:/Tcl/include/tcl8.5/tkIntXlibDecls.h
FILECOPY C:/Tcl/include/tcl8.5/tkPlatDecls.h
FILECOPY C:/Tcl/include/tcl8.5/tkPort.h
FILECOPY C:/Tcl/include/tcl8.5/tkWin.h
FILECOPY C:/Tcl/include/tcl8.5/tkWinInt.h
FILECOPY C:/Tcl/include/tcl8.5/tkWinPort.h
MKDIR C:/Tcl/include/tcl8.5/X11
FILECOPY C:/Tcl/include/tcl8.5/X11/X.h
FILECOPY C:/Tcl/include/tcl8.5/X11/Xatom.h
FILECOPY C:/Tcl/include/tcl8.5/X11/Xfuncproto.h
FILECOPY C:/Tcl/include/tcl8.5/X11/Xlib.h
FILECOPY C:/Tcl/include/tcl8.5/X11/Xutil.h
FILECOPY C:/Tcl/include/tcl8.5/X11/cursorfont.h
FILECOPY C:/Tcl/include/tcl8.5/X11/keysym.h
FILECOPY C:/Tcl/include/tcl8.5/X11/keysymdef.h
MKDIR C:/Tcl/lib
FILECOPY C:/Tcl/lib/tcl85.lib
FILECOPY C:/Tcl/lib/tclConfig-shared.sh
FILECOPY C:/Tcl/lib/tclConfig.sh
FILECOPY C:/Tcl/lib/tclstub85.lib
FILECOPY C:/Tcl/lib/tk85.lib
FILECOPY C:/Tcl/lib/tkConfig-shared.sh
FILECOPY C:/Tcl/lib/tkConfig.sh
FILECOPY C:/Tcl/lib/tkstub85.lib
MKDIR C:/Tcl/lib/tcl8
MKDIR C:/Tcl/lib/tcl8/8.4
FILECOPY C:/Tcl/lib/tcl8/8.4/http-2.7.13.tm
FILECOPY C:/Tcl/lib/tcl8/8.4/platform-1.0.13.tm
MKDIR C:/Tcl/lib/tcl8/8.4/activestate
MKDIR C:/Tcl/lib/tcl8/8.4/activestate/teapot
FILECOPY C:/Tcl/lib/tcl8/8.4/activestate/teapot/link-1.1.tm
MKDIR C:/Tcl/lib/tcl8/8.4/platform
FILECOPY C:/Tcl/lib/tcl8/8.4/platform/shell-1.1.4.tm
MKDIR C:/Tcl/lib/tcl8/8.5
FILECOPY C:/Tcl/lib/tcl8/8.5/msgcat-1.5.2.tm
FILECOPY C:/Tcl/lib/tcl8/8.5/tcltest-2.3.8.tm
MKDIR C:/Tcl/lib/tcl8.5
FILECOPY C:/Tcl/lib/tcl8.5/auto.tcl
FILECOPY C:/Tcl/lib/tcl8.5/clock.tcl
FILECOPY C:/Tcl/lib/tcl8.5/history.tcl
FILECOPY C:/Tcl/lib/tcl8.5/init.tcl
FILECOPY C:/Tcl/lib/tcl8.5/package.tcl
FILECOPY C:/Tcl/lib/tcl8.5/parray.tcl
FILECOPY C:/Tcl/lib/tcl8.5/safe.tcl
FILECOPY C:/Tcl/lib/tcl8.5/tclConfig-shared.sh
FILECOPY C:/Tcl/lib/tcl8.5/tclConfig.sh
FILECOPY C:/Tcl/lib/tcl8.5/tclIndex
FILECOPY C:/Tcl/lib/tcl8.5/tm.tcl
FILECOPY C:/Tcl/lib/tcl8.5/word.tcl
MKDIR C:/Tcl/lib/tcl8.5/dde1.3
FILECOPY C:/Tcl/lib/tcl8.5/dde1.3/dde.tap
FILECOPY C:/Tcl/lib/tcl8.5/dde1.3/pkgIndex.tcl
FILECOPY C:/Tcl/lib/tcl8.5/dde1.3/tcldde13.dll
MKDIR C:/Tcl/lib/tcl8.5/encoding
FILECOPY C:/Tcl/lib/tcl8.5/encoding/ascii.enc
FILECOPY C:/Tcl/lib/tcl8.5/encoding/big5.enc
FILECOPY C:/Tcl/lib/tcl8.5/encoding/cp1250.enc
FILECOPY C:/Tcl/lib/tcl8.5/encoding/cp1251.enc
FILECOPY C:/Tcl/lib/tcl8.5/encoding/cp1252.enc
FILECOPY C:/Tcl/lib/tcl8.5/encoding/cp1253.enc
FILECOPY C:/Tcl/lib/tcl8.5/encoding/cp1254.enc
FILECOPY C:/Tcl/lib/tcl8.5/encoding/cp1255.enc
FILECOPY C:/Tcl/lib/tcl8.5/encoding/cp1256.enc
FILECOPY C:/Tcl/lib/tcl8.5/encoding/cp1257.enc
FILECOPY C:/Tcl/lib/tcl8.5/encoding/cp1258.enc
FILECOPY C:/Tcl/lib/tcl8.5/encoding/cp437.enc
FILECOPY C:/Tcl/lib/tcl8.5/encoding/cp737.enc
FILECOPY C:/Tcl/lib/tcl8.5/encoding/cp775.enc
FILECOPY C:/Tcl/lib/tcl8.5/encoding/cp850.enc
FILECOPY C:/Tcl/lib/tcl8.5/encoding/cp852.enc
FILECOPY C:/Tcl/lib/tcl8.5/encoding/cp855.enc
FILECOPY C:/Tcl/lib/tcl8.5/encoding/cp857.enc
FILECOPY C:/Tcl/lib/tcl8.5/encoding/cp860.enc
FILECOPY C:/Tcl/lib/tcl8.5/encoding/cp861.enc
FILECOPY C:/Tcl/lib/tcl8.5/encoding/cp862.enc
FILECOPY C:/Tcl/lib/tcl8.5/encoding/cp863.enc
FILECOPY C:/Tcl/lib/tcl8.5/encoding/cp864.enc
FILECOPY C:/Tcl/lib/tcl8.5/encoding/cp865.enc
FILECOPY C:/Tcl/lib/tcl8.5/encoding/cp866.enc
FILECOPY C:/Tcl/lib/tcl8.5/encoding/cp869.enc
FILECOPY C:/Tcl/lib/tcl8.5/encoding/cp874.enc
FILECOPY C:/Tcl/lib/tcl8.5/encoding/cp932.enc
FILECOPY C:/Tcl/lib/tcl8.5/encoding/cp936.enc
FILECOPY C:/Tcl/lib/tcl8.5/encoding/cp949.enc
FILECOPY C:/Tcl/lib/tcl8.5/encoding/cp950.enc
FILECOPY C:/Tcl/lib/tcl8.5/encoding/dingbats.enc
FILECOPY C:/Tcl/lib/tcl8.5/encoding/ebcdic.enc
FILECOPY C:/Tcl/lib/tcl8.5/encoding/euc-cn.enc
FILECOPY C:/Tcl/lib/tcl8.5/encoding/euc-jp.enc
FILECOPY C:/Tcl/lib/tcl8.5/encoding/euc-kr.enc
FILECOPY C:/Tcl/lib/tcl8.5/encoding/gb12345.enc
FILECOPY C:/Tcl/lib/tcl8.5/encoding/gb1988.enc
FILECOPY C:/Tcl/lib/tcl8.5/encoding/gb2312-raw.enc
FILECOPY C:/Tcl/lib/tcl8.5/encoding/gb2312.enc
FILECOPY C:/Tcl/lib/tcl8.5/encoding/iso2022-jp.enc
FILECOPY C:/Tcl/lib/tcl8.5/encoding/iso2022-kr.enc
FILECOPY C:/Tcl/lib/tcl8.5/encoding/iso2022.enc
FILECOPY C:/Tcl/lib/tcl8.5/encoding/iso8859-1.enc
FILECOPY C:/Tcl/lib/tcl8.5/encoding/iso8859-10.enc
FILECOPY C:/Tcl/lib/tcl8.5/encoding/iso8859-13.enc
FILECOPY C:/Tcl/lib/tcl8.5/encoding/iso8859-14.enc
FILECOPY C:/Tcl/lib/tcl8.5/encoding/iso8859-15.enc
FILECOPY C:/Tcl/lib/tcl8.5/encoding/iso8859-16.enc
FILECOPY C:/Tcl/lib/tcl8.5/encoding/iso8859-2.enc
FILECOPY C:/Tcl/lib/tcl8.5/encoding/iso8859-3.enc
FILECOPY C:/Tcl/lib/tcl8.5/encoding/iso8859-4.enc
FILECOPY C:/Tcl/lib/tcl8.5/encoding/iso8859-5.enc
FILECOPY C:/Tcl/lib/tcl8.5/encoding/iso8859-6.enc
FILECOPY C:/Tcl/lib/tcl8.5/encoding/iso8859-7.enc
FILECOPY C:/Tcl/lib/tcl8.5/encoding/iso8859-8.enc
FILECOPY C:/Tcl/lib/tcl8.5/encoding/iso8859-9.enc
FILECOPY C:/Tcl/lib/tcl8.5/encoding/jis0201.enc
FILECOPY C:/Tcl/lib/tcl8.5/encoding/jis0208.enc
FILECOPY C:/Tcl/lib/tcl8.5/encoding/jis0212.enc
FILECOPY C:/Tcl/lib/tcl8.5/encoding/koi8-r.enc
FILECOPY C:/Tcl/lib/tcl8.5/encoding/koi8-u.enc
FILECOPY C:/Tcl/lib/tcl8.5/encoding/ksc5601.enc
FILECOPY C:/Tcl/lib/tcl8.5/encoding/macCentEuro.enc
FILECOPY C:/Tcl/lib/tcl8.5/encoding/macCroatian.enc
FILECOPY C:/Tcl/lib/tcl8.5/encoding/macCyrillic.enc
FILECOPY C:/Tcl/lib/tcl8.5/encoding/macDingbats.enc
FILECOPY C:/Tcl/lib/tcl8.5/encoding/macGreek.enc
FILECOPY C:/Tcl/lib/tcl8.5/encoding/macIceland.enc
FILECOPY C:/Tcl/lib/tcl8.5/encoding/macJapan.enc
FILECOPY C:/Tcl/lib/tcl8.5/encoding/macRoman.enc
FILECOPY C:/Tcl/lib/tcl8.5/encoding/macRomania.enc
FILECOPY C:/Tcl/lib/tcl8.5/encoding/macThai.enc
FILECOPY C:/Tcl/lib/tcl8.5/encoding/macTurkish.enc
FILECOPY C:/Tcl/lib/tcl8.5/encoding/macUkraine.enc
FILECOPY C:/Tcl/lib/tcl8.5/encoding/shiftjis.enc
FILECOPY C:/Tcl/lib/tcl8.5/encoding/symbol.enc
FILECOPY C:/Tcl/lib/tcl8.5/encoding/tis-620.enc
MKDIR C:/Tcl/lib/tcl8.5/http1.0
FILECOPY C:/Tcl/lib/tcl8.5/http1.0/http.tcl
FILECOPY C:/Tcl/lib/tcl8.5/http1.0/pkgIndex.tcl
MKDIR C:/Tcl/lib/tcl8.5/msgs
FILECOPY C:/Tcl/lib/tcl8.5/msgs/af.msg
FILECOPY C:/Tcl/lib/tcl8.5/msgs/af_za.msg
FILECOPY C:/Tcl/lib/tcl8.5/msgs/ar.msg
FILECOPY C:/Tcl/lib/tcl8.5/msgs/ar_in.msg
FILECOPY C:/Tcl/lib/tcl8.5/msgs/ar_jo.msg
FILECOPY C:/Tcl/lib/tcl8.5/msgs/ar_lb.msg
FILECOPY C:/Tcl/lib/tcl8.5/msgs/ar_sy.msg
FILECOPY C:/Tcl/lib/tcl8.5/msgs/be.msg
FILECOPY C:/Tcl/lib/tcl8.5/msgs/bg.msg
FILECOPY C:/Tcl/lib/tcl8.5/msgs/bn.msg
FILECOPY C:/Tcl/lib/tcl8.5/msgs/bn_in.msg
FILECOPY C:/Tcl/lib/tcl8.5/msgs/ca.msg
FILECOPY C:/Tcl/lib/tcl8.5/msgs/cs.msg
FILECOPY C:/Tcl/lib/tcl8.5/msgs/da.msg
FILECOPY C:/Tcl/lib/tcl8.5/msgs/de.msg
FILECOPY C:/Tcl/lib/tcl8.5/msgs/de_at.msg
FILECOPY C:/Tcl/lib/tcl8.5/msgs/de_be.msg
FILECOPY C:/Tcl/lib/tcl8.5/msgs/el.msg
FILECOPY C:/Tcl/lib/tcl8.5/msgs/en_au.msg
FILECOPY C:/Tcl/lib/tcl8.5/msgs/en_be.msg
FILECOPY C:/Tcl/lib/tcl8.5/msgs/en_bw.msg
FILECOPY C:/Tcl/lib/tcl8.5/msgs/en_ca.msg
FILECOPY C:/Tcl/lib/tcl8.5/msgs/en_gb.msg
FILECOPY C:/Tcl/lib/tcl8.5/msgs/en_hk.msg
FILECOPY C:/Tcl/lib/tcl8.5/msgs/en_ie.msg
FILECOPY C:/Tcl/lib/tcl8.5/msgs/en_in.msg
FILECOPY C:/Tcl/lib/tcl8.5/msgs/en_nz.msg
FILECOPY C:/Tcl/lib/tcl8.5/msgs/en_ph.msg
FILECOPY C:/Tcl/lib/tcl8.5/msgs/en_sg.msg
FILECOPY C:/Tcl/lib/tcl8.5/msgs/en_za.msg
FILECOPY C:/Tcl/lib/tcl8.5/msgs/en_zw.msg
FILECOPY C:/Tcl/lib/tcl8.5/msgs/eo.msg
FILECOPY C:/Tcl/lib/tcl8.5/msgs/es.msg
FILECOPY C:/Tcl/lib/tcl8.5/msgs/es_ar.msg
FILECOPY C:/Tcl/lib/tcl8.5/msgs/es_bo.msg
FILECOPY C:/Tcl/lib/tcl8.5/msgs/es_cl.msg
FILECOPY C:/Tcl/lib/tcl8.5/msgs/es_co.msg
FILECOPY C:/Tcl/lib/tcl8.5/msgs/es_cr.msg
FILECOPY C:/Tcl/lib/tcl8.5/msgs/es_do.msg
FILECOPY C:/Tcl/lib/tcl8.5/msgs/es_ec.msg
FILECOPY C:/Tcl/lib/tcl8.5/msgs/es_gt.msg
FILECOPY C:/Tcl/lib/tcl8.5/msgs/es_hn.msg
FILECOPY C:/Tcl/lib/tcl8.5/msgs/es_mx.msg
FILECOPY C:/Tcl/lib/tcl8.5/msgs/es_ni.msg
FILECOPY C:/Tcl/lib/tcl8.5/msgs/es_pa.msg
FILECOPY C:/Tcl/lib/tcl8.5/msgs/es_pe.msg
FILECOPY C:/Tcl/lib/tcl8.5/msgs/es_pr.msg
FILECOPY C:/Tcl/lib/tcl8.5/msgs/es_py.msg
FILECOPY C:/Tcl/lib/tcl8.5/msgs/es_sv.msg
FILECOPY C:/Tcl/lib/tcl8.5/msgs/es_uy.msg
FILECOPY C:/Tcl/lib/tcl8.5/msgs/es_ve.msg
FILECOPY C:/Tcl/lib/tcl8.5/msgs/et.msg
FILECOPY C:/Tcl/lib/tcl8.5/msgs/eu.msg
FILECOPY C:/Tcl/lib/tcl8.5/msgs/eu_es.msg
FILECOPY C:/Tcl/lib/tcl8.5/msgs/fa.msg
FILECOPY C:/Tcl/lib/tcl8.5/msgs/fa_in.msg
FILECOPY C:/Tcl/lib/tcl8.5/msgs/fa_ir.msg
FILECOPY C:/Tcl/lib/tcl8.5/msgs/fi.msg
FILECOPY C:/Tcl/lib/tcl8.5/msgs/fo.msg
FILECOPY C:/Tcl/lib/tcl8.5/msgs/fo_fo.msg
FILECOPY C:/Tcl/lib/tcl8.5/msgs/fr.msg
FILECOPY C:/Tcl/lib/tcl8.5/msgs/fr_be.msg
FILECOPY C:/Tcl/lib/tcl8.5/msgs/fr_ca.msg
FILECOPY C:/Tcl/lib/tcl8.5/msgs/fr_ch.msg
FILECOPY C:/Tcl/lib/tcl8.5/msgs/ga.msg
FILECOPY C:/Tcl/lib/tcl8.5/msgs/ga_ie.msg
FILECOPY C:/Tcl/lib/tcl8.5/msgs/gl.msg
FILECOPY C:/Tcl/lib/tcl8.5/msgs/gl_es.msg
FILECOPY C:/Tcl/lib/tcl8.5/msgs/gv.msg
FILECOPY C:/Tcl/lib/tcl8.5/msgs/gv_gb.msg
FILECOPY C:/Tcl/lib/tcl8.5/msgs/he.msg
FILECOPY C:/Tcl/lib/tcl8.5/msgs/hi.msg
FILECOPY C:/Tcl/lib/tcl8.5/msgs/hi_in.msg
FILECOPY C:/Tcl/lib/tcl8.5/msgs/hr.msg
FILECOPY C:/Tcl/lib/tcl8.5/msgs/hu.msg
FILECOPY C:/Tcl/lib/tcl8.5/msgs/id.msg
FILECOPY C:/Tcl/lib/tcl8.5/msgs/id_id.msg
FILECOPY C:/Tcl/lib/tcl8.5/msgs/is.msg
FILECOPY C:/Tcl/lib/tcl8.5/msgs/it.msg
FILECOPY C:/Tcl/lib/tcl8.5/msgs/it_ch.msg
FILECOPY C:/Tcl/lib/tcl8.5/msgs/ja.msg
FILECOPY C:/Tcl/lib/tcl8.5/msgs/kl.msg
FILECOPY C:/Tcl/lib/tcl8.5/msgs/kl_gl.msg
FILECOPY C:/Tcl/lib/tcl8.5/msgs/ko.msg
FILECOPY C:/Tcl/lib/tcl8.5/msgs/ko_kr.msg
FILECOPY C:/Tcl/lib/tcl8.5/msgs/kok.msg
FILECOPY C:/Tcl/lib/tcl8.5/msgs/kok_in.msg
FILECOPY C:/Tcl/lib/tcl8.5/msgs/kw.msg
FILECOPY C:/Tcl/lib/tcl8.5/msgs/kw_gb.msg
FILECOPY C:/Tcl/lib/tcl8.5/msgs/lt.msg
FILECOPY C:/Tcl/lib/tcl8.5/msgs/lv.msg
FILECOPY C:/Tcl/lib/tcl8.5/msgs/mk.msg
FILECOPY C:/Tcl/lib/tcl8.5/msgs/mr.msg
FILECOPY C:/Tcl/lib/tcl8.5/msgs/mr_in.msg
FILECOPY C:/Tcl/lib/tcl8.5/msgs/ms.msg
FILECOPY C:/Tcl/lib/tcl8.5/msgs/ms_my.msg
FILECOPY C:/Tcl/lib/tcl8.5/msgs/mt.msg
FILECOPY C:/Tcl/lib/tcl8.5/msgs/nb.msg
FILECOPY C:/Tcl/lib/tcl8.5/msgs/nl.msg
FILECOPY C:/Tcl/lib/tcl8.5/msgs/nl_be.msg
FILECOPY C:/Tcl/lib/tcl8.5/msgs/nn.msg
FILECOPY C:/Tcl/lib/tcl8.5/msgs/pl.msg
FILECOPY C:/Tcl/lib/tcl8.5/msgs/pt.msg
FILECOPY C:/Tcl/lib/tcl8.5/msgs/pt_br.msg
FILECOPY C:/Tcl/lib/tcl8.5/msgs/ro.msg
FILECOPY C:/Tcl/lib/tcl8.5/msgs/ru.msg
FILECOPY C:/Tcl/lib/tcl8.5/msgs/ru_ua.msg
FILECOPY C:/Tcl/lib/tcl8.5/msgs/sh.msg
FILECOPY C:/Tcl/lib/tcl8.5/msgs/sk.msg
FILECOPY C:/Tcl/lib/tcl8.5/msgs/sl.msg
FILECOPY C:/Tcl/lib/tcl8.5/msgs/sq.msg
FILECOPY C:/Tcl/lib/tcl8.5/msgs/sr.msg
FILECOPY C:/Tcl/lib/tcl8.5/msgs/sv.msg
FILECOPY C:/Tcl/lib/tcl8.5/msgs/sw.msg
FILECOPY C:/Tcl/lib/tcl8.5/msgs/ta.msg
FILECOPY C:/Tcl/lib/tcl8.5/msgs/ta_in.msg
FILECOPY C:/Tcl/lib/tcl8.5/msgs/te.msg
FILECOPY C:/Tcl/lib/tcl8.5/msgs/te_in.msg
FILECOPY C:/Tcl/lib/tcl8.5/msgs/th.msg
FILECOPY C:/Tcl/lib/tcl8.5/msgs/tr.msg
FILECOPY C:/Tcl/lib/tcl8.5/msgs/uk.msg
FILECOPY C:/Tcl/lib/tcl8.5/msgs/vi.msg
FILECOPY C:/Tcl/lib/tcl8.5/msgs/zh.msg
FILECOPY C:/Tcl/lib/tcl8.5/msgs/zh_cn.msg
FILECOPY C:/Tcl/lib/tcl8.5/msgs/zh_hk.msg
FILECOPY C:/Tcl/lib/tcl8.5/msgs/zh_sg.msg
FILECOPY C:/Tcl/lib/tcl8.5/msgs/zh_tw.msg
MKDIR C:/Tcl/lib/tcl8.5/opt0.4
FILECOPY C:/Tcl/lib/tcl8.5/opt0.4/optparse.tcl
FILECOPY C:/Tcl/lib/tcl8.5/opt0.4/pkgIndex.tcl
MKDIR C:/Tcl/lib/tcl8.5/reg1.2
FILECOPY C:/Tcl/lib/tcl8.5/reg1.2/pkgIndex.tcl
FILECOPY C:/Tcl/lib/tcl8.5/reg1.2/registry.tap
FILECOPY C:/Tcl/lib/tcl8.5/reg1.2/tclreg12.dll
MKDIR C:/Tcl/lib/tcl8.5/tbcload1.7
FILECOPY C:/Tcl/lib/tcl8.5/tbcload1.7/pkgIndex.tcl
FILECOPY C:/Tcl/lib/tcl8.5/tbcload1.7/tbcload.tap
FILECOPY C:/Tcl/lib/tcl8.5/tbcload1.7/tbcload17.dll
MKDIR C:/Tcl/lib/tcl8.5/thread2.7.2
FILECOPY C:/Tcl/lib/tcl8.5/thread2.7.2/pkgIndex.tcl
FILECOPY C:/Tcl/lib/tcl8.5/thread2.7.2/thread272.dll
FILECOPY C:/Tcl/lib/tcl8.5/thread2.7.2/ttrace.tcl
MKDIR C:/Tcl/lib/tcl8.5/trofs0.4.6
FILECOPY C:/Tcl/lib/tcl8.5/trofs0.4.6/pkgIndex.tcl
FILECOPY C:/Tcl/lib/tcl8.5/trofs0.4.6/procs.tcl
FILECOPY C:/Tcl/lib/tcl8.5/trofs0.4.6/trofs.tcl
FILECOPY C:/Tcl/lib/tcl8.5/trofs0.4.6/trofs0.4.6.tap
FILECOPY C:/Tcl/lib/tcl8.5/trofs0.4.6/trofs046.dll
MKDIR C:/Tcl/lib/tcl8.5/tzdata
FILECOPY C:/Tcl/lib/tcl8.5/tzdata/CET
FILECOPY C:/Tcl/lib/tcl8.5/tzdata/CST6CDT
FILECOPY C:/Tcl/lib/tcl8.5/tzdata/Cuba
FILECOPY C:/Tcl/lib/tcl8.5/tzdata/EET
FILECOPY C:/Tcl/lib/tcl8.5/tzdata/EST
FILECOPY C:/Tcl/lib/tcl8.5/tzdata/EST5EDT
FILECOPY C:/Tcl/lib/tcl8.5/tzdata/Egypt
FILECOPY C:/Tcl/lib/tcl8.5/tzdata/Eire
FILECOPY C:/Tcl/lib/tcl8.5/tzdata/GB
FILECOPY C:/Tcl/lib/tcl8.5/tzdata/GB-Eire
FILECOPY C:/Tcl/lib/tcl8.5/tzdata/GMT
FILECOPY C:/Tcl/lib/tcl8.5/tzdata/GMT+0
FILECOPY C:/Tcl/lib/tcl8.5/tzdata/GMT-0
FILECOPY C:/Tcl/lib/tcl8.5/tzdata/GMT0
FILECOPY C:/Tcl/lib/tcl8.5/tzdata/Greenwich
FILECOPY C:/Tcl/lib/tcl8.5/tzdata/HST
FILECOPY C:/Tcl/lib/tcl8.5/tzdata/Hongkong
FILECOPY C:/Tcl/lib/tcl8.5/tzdata/Iceland
FILECOPY C:/Tcl/lib/tcl8.5/tzdata/Iran
FILECOPY C:/Tcl/lib/tcl8.5/tzdata/Israel
FILECOPY C:/Tcl/lib/tcl8.5/tzdata/Jamaica
FILECOPY C:/Tcl/lib/tcl8.5/tzdata/Japan
FILECOPY C:/Tcl/lib/tcl8.5/tzdata/Kwajalein
FILECOPY C:/Tcl/lib/tcl8.5/tzdata/Libya
FILECOPY C:/Tcl/lib/tcl8.5/tzdata/MET
FILECOPY C:/Tcl/lib/tcl8.5/tzdata/MST
FILECOPY C:/Tcl/lib/tcl8.5/tzdata/MST7MDT
FILECOPY C:/Tcl/lib/tcl8.5/tzdata/NZ
FILECOPY C:/Tcl/lib/tcl8.5/tzdata/NZ-CHAT
FILECOPY C:/Tcl/lib/tcl8.5/tzdata/Navajo
FILECOPY C:/Tcl/lib/tcl8.5/tzdata/PRC
FILECOPY C:/Tcl/lib/tcl8.5/tzdata/PST8PDT
FILECOPY C:/Tcl/lib/tcl8.5/tzdata/Poland
FILECOPY C:/Tcl/lib/tcl8.5/tzdata/Portugal
FILECOPY C:/Tcl/lib/tcl8.5/tzdata/ROC
FILECOPY C:/Tcl/lib/tcl8.5/tzdata/ROK
FILECOPY C:/Tcl/lib/tcl8.5/tzdata/Singapore
FILECOPY C:/Tcl/lib/tcl8.5/tzdata/Turkey
FILECOPY C:/Tcl/lib/tcl8.5/tzdata/UCT
FILECOPY C:/Tcl/lib/tcl8.5/tzdata/UTC
FILECOPY C:/Tcl/lib/tcl8.5/tzdata/Universal
FILECOPY C:/Tcl/lib/tcl8.5/tzdata/W-SU
FILECOPY C:/Tcl/lib/tcl8.5/tzdata/WET
FILECOPY C:/Tcl/lib/tcl8.5/tzdata/Zulu
MKDIR C:/Tcl/lib/tcl8.5/tzdata/Africa
FILECOPY C:/Tcl/lib/tcl8.5/tzdata/Africa/Abidjan
FILECOPY C:/Tcl/lib/tcl8.5/tzdata/Africa/Accra
FILECOPY C:/Tcl/lib/tcl8.5/tzdata/Africa/Addis_Ababa
FILECOPY C:/Tcl/lib/tcl8.5/tzdata/Africa/Algiers
FILECOPY C:/Tcl/lib/tcl8.5/tzdata/Africa/Asmara
FILECOPY C:/Tcl/lib/tcl8.5/tzdata/Africa/Asmera
FILECOPY C:/Tcl/lib/tcl8.5/tzdata/Africa/Bamako
FILECOPY C:/Tcl/lib/tcl8.5/tzdata/Africa/Bangui
FILECOPY C:/Tcl/lib/tcl8.5/tzdata/Africa/Banjul
FILECOPY C:/Tcl/lib/tcl8.5/tzdata/Africa/Bissau
FILECOPY C:/Tcl/lib/tcl8.5/tzdata/Africa/Blantyre
FILECOPY C:/Tcl/lib/tcl8.5/tzdata/Africa/Brazzaville
FILECOPY C:/Tcl/lib/tcl8.5/tzdata/Africa/Bujumbura
FILECOPY C:/Tcl/lib/tcl8.5/tzdata/Africa/Cairo
FILECOPY C:/Tcl/lib/tcl8.5/tzdata/Africa/Casablanca
FILECOPY C:/Tcl/lib/tcl8.5/tzdata/Africa/Ceuta
FILECOPY C:/Tcl/lib/tcl8.5/tzdata/Africa/Conakry
FILECOPY C:/Tcl/lib/tcl8.5/tzdata/Africa/Dakar
FILECOPY C:/Tcl/lib/tcl8.5/tzdata/Africa/Dar_es_Salaam
FILECOPY C:/Tcl/lib/tcl8.5/tzdata/Africa/Djibouti
FILECOPY C:/Tcl/lib/tcl8.5/tzdata/Africa/Douala
FILECOPY C:/Tcl/lib/tcl8.5/tzdata/Africa/El_Aaiun
FILECOPY C:/Tcl/lib/tcl8.5/tzdata/Africa/Freetown
FILECOPY C:/Tcl/lib/tcl8.5/tzdata/Africa/Gaborone
FILECOPY C:/Tcl/lib/tcl8.5/tzdata/Africa/Harare
FILECOPY C:/Tcl/lib/tcl8.5/tzdata/Africa/Johannesburg
FILECOPY C:/Tcl/lib/tcl8.5/tzdata/Africa/Juba
FILECOPY C:/Tcl/lib/tcl8.5/tzdata/Africa/Kampala
FILECOPY C:/Tcl/lib/tcl8.5/tzdata/Africa/Khartoum
FILECOPY C:/Tcl/lib/tcl8.5/tzdata/Africa/Kigali
FILECOPY C:/Tcl/lib/tcl8.5/tzdata/Africa/Kinshasa
FILECOPY C:/Tcl/lib/tcl8.5/tzdata/Africa/Lagos
FILECOPY C:/Tcl/lib/tcl8.5/tzdata/Africa/Libreville
FILECOPY C:/Tcl/lib/tcl8.5/tzdata/Africa/Lome
FILECOPY C:/Tcl/lib/tcl8.5/tzdata/Africa/Luanda
FILECOPY C:/Tcl/lib/tcl8.5/tzdata/Africa/Lubumbashi
FILECOPY C:/Tcl/lib/tcl8.5/tzdata/Africa/Lusaka
FILECOPY C:/Tcl/lib/tcl8.5/tzdata/Africa/Malabo
FILECOPY C:/Tcl/lib/tcl8.5/tzdata/Africa/Maputo
FILECOPY C:/Tcl/lib/tcl8.5/tzdata/Africa/Maseru
FILECOPY C:/Tcl/lib/tcl8.5/tzdata/Africa/Mbabane
FILECOPY C:/Tcl/lib/tcl8.5/tzdata/Africa/Mogadishu
FILECOPY C:/Tcl/lib/tcl8.5/tzdata/Africa/Monrovia
FILECOPY C:/Tcl/lib/tcl8.5/tzdata/Africa/Nairobi
FILECOPY C:/Tcl/lib/tcl8.5/tzdata/Africa/Ndjamena
FILECOPY C:/Tcl/lib/tcl8.5/tzdata/Africa/Niamey
FILECOPY C:/Tcl/lib/tcl8.5/tzdata/Africa/Nouakchott
FILECOPY C:/Tcl/lib/tcl8.5/tzdata/Africa/Ouagadougou
FILECOPY C:/Tcl/lib/tcl8.5/tzdata/Africa/Porto-Novo
FILECOPY C:/Tcl/lib/tcl8.5/tzdata/Africa/Sao_Tome
FILECOPY C:/Tcl/lib/tcl8.5/tzdata/Africa/Timbuktu
FILECOPY C:/Tcl/lib/tcl8.5/tzdata/Africa/Tripoli
FILECOPY C:/Tcl/lib/tcl8.5/tzdata/Africa/Tunis
FILECOPY C:/Tcl/lib/tcl8.5/tzdata/Africa/Windhoek
MKDIR C:/Tcl/lib/tcl8.5/tzdata/America
FILECOPY C:/Tcl/lib/tcl8.5/tzdata/America/Adak
FILECOPY C:/Tcl/lib/tcl8.5/tzdata/America/Anchorage
FILECOPY C:/Tcl/lib/tcl8.5/tzdata/America/Anguilla
FILECOPY C:/Tcl/lib/tcl8.5/tzdata/America/Antigua
FILECOPY C:/Tcl/lib/tcl8.5/tzdata/America/Araguaina
FILECOPY C:/Tcl/lib/tcl8.5/tzdata/America/Aruba
FILECOPY C:/Tcl/lib/tcl8.5/tzdata/America/Asuncion
FILECOPY C:/Tcl/lib/tcl8.5/tzdata/America/Atikokan
FILECOPY C:/Tcl/lib/tcl8.5/tzdata/America/Atka
FILECOPY C:/Tcl/lib/tcl8.5/tzdata/America/Bahia
FILECOPY C:/Tcl/lib/tcl8.5/tzdata/America/Bahia_Banderas
FILECOPY C:/Tcl/lib/tcl8.5/tzdata/America/Barbados
FILECOPY C:/Tcl/lib/tcl8.5/tzdata/America/Belem
FILECOPY C:/Tcl/lib/tcl8.5/tzdata/America/Belize
FILECOPY C:/Tcl/lib/tcl8.5/tzdata/America/Blanc-Sablon
FILECOPY C:/Tcl/lib/tcl8.5/tzdata/America/Boa_Vista
FILECOPY C:/Tcl/lib/tcl8.5/tzdata/America/Bogota
FILECOPY C:/Tcl/lib/tcl8.5/tzdata/America/Boise
FILECOPY C:/Tcl/lib/tcl8.5/tzdata/America/Buenos_Aires
FILECOPY C:/Tcl/lib/tcl8.5/tzdata/America/Cambridge_Bay
FILECOPY C:/Tcl/lib/tcl8.5/tzdata/America/Campo_Grande
FILECOPY C:/Tcl/lib/tcl8.5/tzdata/America/Cancun
FILECOPY C:/Tcl/lib/tcl8.5/tzdata/America/Caracas
FILECOPY C:/Tcl/lib/tcl8.5/tzdata/America/Catamarca
FILECOPY C:/Tcl/lib/tcl8.5/tzdata/America/Cayenne
FILECOPY C:/Tcl/lib/tcl8.5/tzdata/America/Cayman
FILECOPY C:/Tcl/lib/tcl8.5/tzdata/America/Chicago
FILECOPY C:/Tcl/lib/tcl8.5/tzdata/America/Chihuahua
FILECOPY C:/Tcl/lib/tcl8.5/tzdata/America/Coral_Harbour
FILECOPY C:/Tcl/lib/tcl8.5/tzdata/America/Cordoba
FILECOPY C:/Tcl/lib/tcl8.5/tzdata/America/Costa_Rica
FILECOPY C:/Tcl/lib/tcl8.5/tzdata/America/Creston
FILECOPY C:/Tcl/lib/tcl8.5/tzdata/America/Cuiaba
FILECOPY C:/Tcl/lib/tcl8.5/tzdata/America/Curacao
FILECOPY C:/Tcl/lib/tcl8.5/tzdata/America/Danmarkshavn
FILECOPY C:/Tcl/lib/tcl8.5/tzdata/America/Dawson
FILECOPY C:/Tcl/lib/tcl8.5/tzdata/America/Dawson_Creek
FILECOPY C:/Tcl/lib/tcl8.5/tzdata/America/Denver
FILECOPY C:/Tcl/lib/tcl8.5/tzdata/America/Detroit
FILECOPY C:/Tcl/lib/tcl8.5/tzdata/America/Dominica
FILECOPY C:/Tcl/lib/tcl8.5/tzdata/America/Edmonton
FILECOPY C:/Tcl/lib/tcl8.5/tzdata/America/Eirunepe
FILECOPY C:/Tcl/lib/tcl8.5/tzdata/America/El_Salvador
FILECOPY C:/Tcl/lib/tcl8.5/tzdata/America/Ensenada
FILECOPY C:/Tcl/lib/tcl8.5/tzdata/America/Fort_Wayne
FILECOPY C:/Tcl/lib/tcl8.5/tzdata/America/Fortaleza
FILECOPY C:/Tcl/lib/tcl8.5/tzdata/America/Glace_Bay
FILECOPY C:/Tcl/lib/tcl8.5/tzdata/America/Godthab
FILECOPY C:/Tcl/lib/tcl8.5/tzdata/America/Goose_Bay
FILECOPY C:/Tcl/lib/tcl8.5/tzdata/America/Grand_Turk
FILECOPY C:/Tcl/lib/tcl8.5/tzdata/America/Grenada
FILECOPY C:/Tcl/lib/tcl8.5/tzdata/America/Guadeloupe
FILECOPY C:/Tcl/lib/tcl8.5/tzdata/America/Guatemala
FILECOPY C:/Tcl/lib/tcl8.5/tzdata/America/Guayaquil
FILECOPY C:/Tcl/lib/tcl8.5/tzdata/America/Guyana
FILECOPY C:/Tcl/lib/tcl8.5/tzdata/America/Halifax
FILECOPY C:/Tcl/lib/tcl8.5/tzdata/America/Havana
FILECOPY C:/Tcl/lib/tcl8.5/tzdata/America/Hermosillo
FILECOPY C:/Tcl/lib/tcl8.5/tzdata/America/Indianapolis
FILECOPY C:/Tcl/lib/tcl8.5/tzdata/America/Inuvik
FILECOPY C:/Tcl/lib/tcl8.5/tzdata/America/Iqaluit
FILECOPY C:/Tcl/lib/tcl8.5/tzdata/America/Jamaica
FILECOPY C:/Tcl/lib/tcl8.5/tzdata/America/Jujuy
FILECOPY C:/Tcl/lib/tcl8.5/tzdata/America/Juneau
FILECOPY C:/Tcl/lib/tcl8.5/tzdata/America/Knox_IN
FILECOPY C:/Tcl/lib/tcl8.5/tzdata/America/Kralendijk
FILECOPY C:/Tcl/lib/tcl8.5/tzdata/America/La_Paz
FILECOPY C:/Tcl/lib/tcl8.5/tzdata/America/Lima
FILECOPY C:/Tcl/lib/tcl8.5/tzdata/America/Los_Angeles
FILECOPY C:/Tcl/lib/tcl8.5/tzdata/America/Louisville
FILECOPY C:/Tcl/lib/tcl8.5/tzdata/America/Lower_Princes
FILECOPY C:/Tcl/lib/tcl8.5/tzdata/America/Maceio
FILECOPY C:/Tcl/lib/tcl8.5/tzdata/America/Managua
FILECOPY C:/Tcl/lib/tcl8.5/tzdata/America/Manaus
FILECOPY C:/Tcl/lib/tcl8.5/tzdata/America/Marigot
FILECOPY C:/Tcl/lib/tcl8.5/tzdata/America/Martinique
FILECOPY C:/Tcl/lib/tcl8.5/tzdata/America/Matamoros
FILECOPY C:/Tcl/lib/tcl8.5/tzdata/America/Mazatlan
FILECOPY C:/Tcl/lib/tcl8.5/tzdata/America/Mendoza
FILECOPY C:/Tcl/lib/tcl8.5/tzdata/America/Menominee
FILECOPY C:/Tcl/lib/tcl8.5/tzdata/America/Merida
FILECOPY C:/Tcl/lib/tcl8.5/tzdata/America/Metlakatla
FILECOPY C:/Tcl/lib/tcl8.5/tzdata/America/Mexico_City
FILECOPY C:/Tcl/lib/tcl8.5/tzdata/America/Miquelon
FILECOPY C:/Tcl/lib/tcl8.5/tzdata/America/Moncton
FILECOPY C:/Tcl/lib/tcl8.5/tzdata/America/Monterrey
FILECOPY C:/Tcl/lib/tcl8.5/tzdata/America/Montevideo
FILECOPY C:/Tcl/lib/tcl8.5/tzdata/America/Montreal
FILECOPY C:/Tcl/lib/tcl8.5/tzdata/America/Montserrat
FILECOPY C:/Tcl/lib/tcl8.5/tzdata/America/Nassau
FILECOPY C:/Tcl/lib/tcl8.5/tzdata/America/New_York
FILECOPY C:/Tcl/lib/tcl8.5/tzdata/America/Nipigon
FILECOPY C:/Tcl/lib/tcl8.5/tzdata/America/Nome
FILECOPY C:/Tcl/lib/tcl8.5/tzdata/America/Noronha
FILECOPY C:/Tcl/lib/tcl8.5/tzdata/America/Ojinaga
FILECOPY C:/Tcl/lib/tcl8.5/tzdata/America/Panama
FILECOPY C:/Tcl/lib/tcl8.5/tzdata/America/Pangnirtung
FILECOPY C:/Tcl/lib/tcl8.5/tzdata/America/Paramaribo
FILECOPY C:/Tcl/lib/tcl8.5/tzdata/America/Phoenix
FILECOPY C:/Tcl/lib/tcl8.5/tzdata/America/Port-au-Prince
FILECOPY C:/Tcl/lib/tcl8.5/tzdata/America/Port_of_Spain
FILECOPY C:/Tcl/lib/tcl8.5/tzdata/America/Porto_Acre
FILECOPY C:/Tcl/lib/tcl8.5/tzdata/America/Porto_Velho
FILECOPY C:/Tcl/lib/tcl8.5/tzdata/America/Puerto_Rico
FILECOPY C:/Tcl/lib/tcl8.5/tzdata/America/Rainy_River
FILECOPY C:/Tcl/lib/tcl8.5/tzdata/America/Rankin_Inlet
FILECOPY C:/Tcl/lib/tcl8.5/tzdata/America/Recife
FILECOPY C:/Tcl/lib/tcl8.5/tzdata/America/Regina
FILECOPY C:/Tcl/lib/tcl8.5/tzdata/America/Resolute
FILECOPY C:/Tcl/lib/tcl8.5/tzdata/America/Rio_Branco
FILECOPY C:/Tcl/lib/tcl8.5/tzdata/America/Rosario
FILECOPY C:/Tcl/lib/tcl8.5/tzdata/America/Santa_Isabel
FILECOPY C:/Tcl/lib/tcl8.5/tzdata/America/Santarem
FILECOPY C:/Tcl/lib/tcl8.5/tzdata/America/Santiago
FILECOPY C:/Tcl/lib/tcl8.5/tzdata/America/Santo_Domingo
FILECOPY C:/Tcl/lib/tcl8.5/tzdata/America/Sao_Paulo
FILECOPY C:/Tcl/lib/tcl8.5/tzdata/America/Scoresbysund
FILECOPY C:/Tcl/lib/tcl8.5/tzdata/America/Shiprock
FILECOPY C:/Tcl/lib/tcl8.5/tzdata/America/Sitka
FILECOPY C:/Tcl/lib/tcl8.5/tzdata/America/St_Barthelemy
FILECOPY C:/Tcl/lib/tcl8.5/tzdata/America/St_Johns
FILECOPY C:/Tcl/lib/tcl8.5/tzdata/America/St_Kitts
FILECOPY C:/Tcl/lib/tcl8.5/tzdata/America/St_Lucia
FILECOPY C:/Tcl/lib/tcl8.5/tzdata/America/St_Thomas
FILECOPY C:/Tcl/lib/tcl8.5/tzdata/America/St_Vincent
FILECOPY C:/Tcl/lib/tcl8.5/tzdata/America/Swift_Current
FILECOPY C:/Tcl/lib/tcl8.5/tzdata/America/Tegucigalpa
FILECOPY C:/Tcl/lib/tcl8.5/tzdata/America/Thule
FILECOPY C:/Tcl/lib/tcl8.5/tzdata/America/Thunder_Bay
FILECOPY C:/Tcl/lib/tcl8.5/tzdata/America/Tijuana
FILECOPY C:/Tcl/lib/tcl8.5/tzdata/America/Toronto
FILECOPY C:/Tcl/lib/tcl8.5/tzdata/America/Tortola
FILECOPY C:/Tcl/lib/tcl8.5/tzdata/America/Vancouver
FILECOPY C:/Tcl/lib/tcl8.5/tzdata/America/Virgin
FILECOPY C:/Tcl/lib/tcl8.5/tzdata/America/Whitehorse
FILECOPY C:/Tcl/lib/tcl8.5/tzdata/America/Winnipeg
FILECOPY C:/Tcl/lib/tcl8.5/tzdata/America/Yakutat
FILECOPY C:/Tcl/lib/tcl8.5/tzdata/America/Yellowknife
MKDIR C:/Tcl/lib/tcl8.5/tzdata/America/Argentina
FILECOPY C:/Tcl/lib/tcl8.5/tzdata/America/Argentina/Buenos_Aires
FILECOPY C:/Tcl/lib/tcl8.5/tzdata/America/Argentina/Catamarca
FILECOPY C:/Tcl/lib/tcl8.5/tzdata/America/Argentina/ComodRivadavia
FILECOPY C:/Tcl/lib/tcl8.5/tzdata/America/Argentina/Cordoba
FILECOPY C:/Tcl/lib/tcl8.5/tzdata/America/Argentina/Jujuy
FILECOPY C:/Tcl/lib/tcl8.5/tzdata/America/Argentina/La_Rioja
FILECOPY C:/Tcl/lib/tcl8.5/tzdata/America/Argentina/Mendoza
FILECOPY C:/Tcl/lib/tcl8.5/tzdata/America/Argentina/Rio_Gallegos
FILECOPY C:/Tcl/lib/tcl8.5/tzdata/America/Argentina/Salta
FILECOPY C:/Tcl/lib/tcl8.5/tzdata/America/Argentina/San_Juan
FILECOPY C:/Tcl/lib/tcl8.5/tzdata/America/Argentina/San_Luis
FILECOPY C:/Tcl/lib/tcl8.5/tzdata/America/Argentina/Tucuman
FILECOPY C:/Tcl/lib/tcl8.5/tzdata/America/Argentina/Ushuaia
MKDIR C:/Tcl/lib/tcl8.5/tzdata/America/Indiana
FILECOPY C:/Tcl/lib/tcl8.5/tzdata/America/Indiana/Indianapolis
FILECOPY C:/Tcl/lib/tcl8.5/tzdata/America/Indiana/Knox
FILECOPY C:/Tcl/lib/tcl8.5/tzdata/America/Indiana/Marengo
FILECOPY C:/Tcl/lib/tcl8.5/tzdata/America/Indiana/Petersburg
FILECOPY C:/Tcl/lib/tcl8.5/tzdata/America/Indiana/Tell_City
FILECOPY C:/Tcl/lib/tcl8.5/tzdata/America/Indiana/Vevay
FILECOPY C:/Tcl/lib/tcl8.5/tzdata/America/Indiana/Vincennes
FILECOPY C:/Tcl/lib/tcl8.5/tzdata/America/Indiana/Winamac
MKDIR C:/Tcl/lib/tcl8.5/tzdata/America/Kentucky
FILECOPY C:/Tcl/lib/tcl8.5/tzdata/America/Kentucky/Louisville
FILECOPY C:/Tcl/lib/tcl8.5/tzdata/America/Kentucky/Monticello
MKDIR C:/Tcl/lib/tcl8.5/tzdata/America/North_Dakota
FILECOPY C:/Tcl/lib/tcl8.5/tzdata/America/North_Dakota/Beulah
FILECOPY C:/Tcl/lib/tcl8.5/tzdata/America/North_Dakota/Center
FILECOPY C:/Tcl/lib/tcl8.5/tzdata/America/North_Dakota/New_Salem
MKDIR C:/Tcl/lib/tcl8.5/tzdata/Antarctica
FILECOPY C:/Tcl/lib/tcl8.5/tzdata/Antarctica/Casey
FILECOPY C:/Tcl/lib/tcl8.5/tzdata/Antarctica/Davis
FILECOPY C:/Tcl/lib/tcl8.5/tzdata/Antarctica/DumontDUrville
FILECOPY C:/Tcl/lib/tcl8.5/tzdata/Antarctica/Macquarie
FILECOPY C:/Tcl/lib/tcl8.5/tzdata/Antarctica/Mawson
FILECOPY C:/Tcl/lib/tcl8.5/tzdata/Antarctica/McMurdo
FILECOPY C:/Tcl/lib/tcl8.5/tzdata/Antarctica/Palmer
FILECOPY C:/Tcl/lib/tcl8.5/tzdata/Antarctica/Rothera
FILECOPY C:/Tcl/lib/tcl8.5/tzdata/Antarctica/South_Pole
FILECOPY C:/Tcl/lib/tcl8.5/tzdata/Antarctica/Syowa
FILECOPY C:/Tcl/lib/tcl8.5/tzdata/Antarctica/Troll
FILECOPY C:/Tcl/lib/tcl8.5/tzdata/Antarctica/Vostok
MKDIR C:/Tcl/lib/tcl8.5/tzdata/Arctic
FILECOPY C:/Tcl/lib/tcl8.5/tzdata/Arctic/Longyearbyen
MKDIR C:/Tcl/lib/tcl8.5/tzdata/Asia
FILECOPY C:/Tcl/lib/tcl8.5/tzdata/Asia/Aden
FILECOPY C:/Tcl/lib/tcl8.5/tzdata/Asia/Almaty
FILECOPY C:/Tcl/lib/tcl8.5/tzdata/Asia/Amman
FILECOPY C:/Tcl/lib/tcl8.5/tzdata/Asia/Anadyr
FILECOPY C:/Tcl/lib/tcl8.5/tzdata/Asia/Aqtau
FILECOPY C:/Tcl/lib/tcl8.5/tzdata/Asia/Aqtobe
FILECOPY C:/Tcl/lib/tcl8.5/tzdata/Asia/Ashgabat
FILECOPY C:/Tcl/lib/tcl8.5/tzdata/Asia/Ashkhabad
FILECOPY C:/Tcl/lib/tcl8.5/tzdata/Asia/Baghdad
FILECOPY C:/Tcl/lib/tcl8.5/tzdata/Asia/Bahrain
FILECOPY C:/Tcl/lib/tcl8.5/tzdata/Asia/Baku
FILECOPY C:/Tcl/lib/tcl8.5/tzdata/Asia/Bangkok
FILECOPY C:/Tcl/lib/tcl8.5/tzdata/Asia/Beirut
FILECOPY C:/Tcl/lib/tcl8.5/tzdata/Asia/Bishkek
FILECOPY C:/Tcl/lib/tcl8.5/tzdata/Asia/Brunei
FILECOPY C:/Tcl/lib/tcl8.5/tzdata/Asia/Calcutta
FILECOPY C:/Tcl/lib/tcl8.5/tzdata/Asia/Chita
FILECOPY C:/Tcl/lib/tcl8.5/tzdata/Asia/Choibalsan
FILECOPY C:/Tcl/lib/tcl8.5/tzdata/Asia/Chongqing
FILECOPY C:/Tcl/lib/tcl8.5/tzdata/Asia/Chungking
FILECOPY C:/Tcl/lib/tcl8.5/tzdata/Asia/Colombo
FILECOPY C:/Tcl/lib/tcl8.5/tzdata/Asia/Dacca
FILECOPY C:/Tcl/lib/tcl8.5/tzdata/Asia/Damascus
FILECOPY C:/Tcl/lib/tcl8.5/tzdata/Asia/Dhaka
FILECOPY C:/Tcl/lib/tcl8.5/tzdata/Asia/Dili
FILECOPY C:/Tcl/lib/tcl8.5/tzdata/Asia/Dubai
FILECOPY C:/Tcl/lib/tcl8.5/tzdata/Asia/Dushanbe
FILECOPY C:/Tcl/lib/tcl8.5/tzdata/Asia/Gaza
FILECOPY C:/Tcl/lib/tcl8.5/tzdata/Asia/Harbin
FILECOPY C:/Tcl/lib/tcl8.5/tzdata/Asia/Hebron
FILECOPY C:/Tcl/lib/tcl8.5/tzdata/Asia/Ho_Chi_Minh
FILECOPY C:/Tcl/lib/tcl8.5/tzdata/Asia/Hong_Kong
FILECOPY C:/Tcl/lib/tcl8.5/tzdata/Asia/Hovd
FILECOPY C:/Tcl/lib/tcl8.5/tzdata/Asia/Irkutsk
FILECOPY C:/Tcl/lib/tcl8.5/tzdata/Asia/Istanbul
FILECOPY C:/Tcl/lib/tcl8.5/tzdata/Asia/Jakarta
FILECOPY C:/Tcl/lib/tcl8.5/tzdata/Asia/Jayapura
FILECOPY C:/Tcl/lib/tcl8.5/tzdata/Asia/Jerusalem
FILECOPY C:/Tcl/lib/tcl8.5/tzdata/Asia/Kabul
FILECOPY C:/Tcl/lib/tcl8.5/tzdata/Asia/Kamchatka
FILECOPY C:/Tcl/lib/tcl8.5/tzdata/Asia/Karachi
FILECOPY C:/Tcl/lib/tcl8.5/tzdata/Asia/Kashgar
FILECOPY C:/Tcl/lib/tcl8.5/tzdata/Asia/Kathmandu
FILECOPY C:/Tcl/lib/tcl8.5/tzdata/Asia/Katmandu
FILECOPY C:/Tcl/lib/tcl8.5/tzdata/Asia/Khandyga
FILECOPY C:/Tcl/lib/tcl8.5/tzdata/Asia/Kolkata
FILECOPY C:/Tcl/lib/tcl8.5/tzdata/Asia/Krasnoyarsk
FILECOPY C:/Tcl/lib/tcl8.5/tzdata/Asia/Kuala_Lumpur
FILECOPY C:/Tcl/lib/tcl8.5/tzdata/Asia/Kuching
FILECOPY C:/Tcl/lib/tcl8.5/tzdata/Asia/Kuwait
FILECOPY C:/Tcl/lib/tcl8.5/tzdata/Asia/Macao
FILECOPY C:/Tcl/lib/tcl8.5/tzdata/Asia/Macau
FILECOPY C:/Tcl/lib/tcl8.5/tzdata/Asia/Magadan
FILECOPY C:/Tcl/lib/tcl8.5/tzdata/Asia/Makassar
FILECOPY C:/Tcl/lib/tcl8.5/tzdata/Asia/Manila
FILECOPY C:/Tcl/lib/tcl8.5/tzdata/Asia/Muscat
FILECOPY C:/Tcl/lib/tcl8.5/tzdata/Asia/Nicosia
FILECOPY C:/Tcl/lib/tcl8.5/tzdata/Asia/Novokuznetsk
FILECOPY C:/Tcl/lib/tcl8.5/tzdata/Asia/Novosibirsk
FILECOPY C:/Tcl/lib/tcl8.5/tzdata/Asia/Omsk
FILECOPY C:/Tcl/lib/tcl8.5/tzdata/Asia/Oral
FILECOPY C:/Tcl/lib/tcl8.5/tzdata/Asia/Phnom_Penh
FILECOPY C:/Tcl/lib/tcl8.5/tzdata/Asia/Pontianak
FILECOPY C:/Tcl/lib/tcl8.5/tzdata/Asia/Pyongyang
FILECOPY C:/Tcl/lib/tcl8.5/tzdata/Asia/Qatar
FILECOPY C:/Tcl/lib/tcl8.5/tzdata/Asia/Qyzylorda
FILECOPY C:/Tcl/lib/tcl8.5/tzdata/Asia/Rangoon
FILECOPY C:/Tcl/lib/tcl8.5/tzdata/Asia/Riyadh
FILECOPY C:/Tcl/lib/tcl8.5/tzdata/Asia/Saigon
FILECOPY C:/Tcl/lib/tcl8.5/tzdata/Asia/Sakhalin
FILECOPY C:/Tcl/lib/tcl8.5/tzdata/Asia/Samarkand
FILECOPY C:/Tcl/lib/tcl8.5/tzdata/Asia/Seoul
FILECOPY C:/Tcl/lib/tcl8.5/tzdata/Asia/Shanghai
FILECOPY C:/Tcl/lib/tcl8.5/tzdata/Asia/Singapore
FILECOPY C:/Tcl/lib/tcl8.5/tzdata/Asia/Srednekolymsk
FILECOPY C:/Tcl/lib/tcl8.5/tzdata/Asia/Taipei
FILECOPY C:/Tcl/lib/tcl8.5/tzdata/Asia/Tashkent
FILECOPY C:/Tcl/lib/tcl8.5/tzdata/Asia/Tbilisi
FILECOPY C:/Tcl/lib/tcl8.5/tzdata/Asia/Tehran
FILECOPY C:/Tcl/lib/tcl8.5/tzdata/Asia/Tel_Aviv
FILECOPY C:/Tcl/lib/tcl8.5/tzdata/Asia/Thimbu
FILECOPY C:/Tcl/lib/tcl8.5/tzdata/Asia/Thimphu
FILECOPY C:/Tcl/lib/tcl8.5/tzdata/Asia/Tokyo
FILECOPY C:/Tcl/lib/tcl8.5/tzdata/Asia/Ujung_Pandang
FILECOPY C:/Tcl/lib/tcl8.5/tzdata/Asia/Ulaanbaatar
FILECOPY C:/Tcl/lib/tcl8.5/tzdata/Asia/Ulan_Bator
FILECOPY C:/Tcl/lib/tcl8.5/tzdata/Asia/Urumqi
FILECOPY C:/Tcl/lib/tcl8.5/tzdata/Asia/Ust-Nera
FILECOPY C:/Tcl/lib/tcl8.5/tzdata/Asia/Vientiane
FILECOPY C:/Tcl/lib/tcl8.5/tzdata/Asia/Vladivostok
FILECOPY C:/Tcl/lib/tcl8.5/tzdata/Asia/Yakutsk
FILECOPY C:/Tcl/lib/tcl8.5/tzdata/Asia/Yekaterinburg
FILECOPY C:/Tcl/lib/tcl8.5/tzdata/Asia/Yerevan
MKDIR C:/Tcl/lib/tcl8.5/tzdata/Atlantic
FILECOPY C:/Tcl/lib/tcl8.5/tzdata/Atlantic/Azores
FILECOPY C:/Tcl/lib/tcl8.5/tzdata/Atlantic/Bermuda
FILECOPY C:/Tcl/lib/tcl8.5/tzdata/Atlantic/Canary
FILECOPY C:/Tcl/lib/tcl8.5/tzdata/Atlantic/Cape_Verde
FILECOPY C:/Tcl/lib/tcl8.5/tzdata/Atlantic/Faeroe
FILECOPY C:/Tcl/lib/tcl8.5/tzdata/Atlantic/Faroe
FILECOPY C:/Tcl/lib/tcl8.5/tzdata/Atlantic/Jan_Mayen
FILECOPY C:/Tcl/lib/tcl8.5/tzdata/Atlantic/Madeira
FILECOPY C:/Tcl/lib/tcl8.5/tzdata/Atlantic/Reykjavik
FILECOPY C:/Tcl/lib/tcl8.5/tzdata/Atlantic/South_Georgia
FILECOPY C:/Tcl/lib/tcl8.5/tzdata/Atlantic/St_Helena
FILECOPY C:/Tcl/lib/tcl8.5/tzdata/Atlantic/Stanley
MKDIR C:/Tcl/lib/tcl8.5/tzdata/Australia
FILECOPY C:/Tcl/lib/tcl8.5/tzdata/Australia/ACT
FILECOPY C:/Tcl/lib/tcl8.5/tzdata/Australia/Adelaide
FILECOPY C:/Tcl/lib/tcl8.5/tzdata/Australia/Brisbane
FILECOPY C:/Tcl/lib/tcl8.5/tzdata/Australia/Broken_Hill
FILECOPY C:/Tcl/lib/tcl8.5/tzdata/Australia/Canberra
FILECOPY C:/Tcl/lib/tcl8.5/tzdata/Australia/Currie
FILECOPY C:/Tcl/lib/tcl8.5/tzdata/Australia/Darwin
FILECOPY C:/Tcl/lib/tcl8.5/tzdata/Australia/Eucla
FILECOPY C:/Tcl/lib/tcl8.5/tzdata/Australia/Hobart
FILECOPY C:/Tcl/lib/tcl8.5/tzdata/Australia/LHI
FILECOPY C:/Tcl/lib/tcl8.5/tzdata/Australia/Lindeman
FILECOPY C:/Tcl/lib/tcl8.5/tzdata/Australia/Lord_Howe
FILECOPY C:/Tcl/lib/tcl8.5/tzdata/Australia/Melbourne
FILECOPY C:/Tcl/lib/tcl8.5/tzdata/Australia/NSW
FILECOPY C:/Tcl/lib/tcl8.5/tzdata/Australia/North
FILECOPY C:/Tcl/lib/tcl8.5/tzdata/Australia/Perth
FILECOPY C:/Tcl/lib/tcl8.5/tzdata/Australia/Queensland
FILECOPY C:/Tcl/lib/tcl8.5/tzdata/Australia/South
FILECOPY C:/Tcl/lib/tcl8.5/tzdata/Australia/Sydney
FILECOPY C:/Tcl/lib/tcl8.5/tzdata/Australia/Tasmania
FILECOPY C:/Tcl/lib/tcl8.5/tzdata/Australia/Victoria
FILECOPY C:/Tcl/lib/tcl8.5/tzdata/Australia/West
FILECOPY C:/Tcl/lib/tcl8.5/tzdata/Australia/Yancowinna
MKDIR C:/Tcl/lib/tcl8.5/tzdata/Brazil
FILECOPY C:/Tcl/lib/tcl8.5/tzdata/Brazil/Acre
FILECOPY C:/Tcl/lib/tcl8.5/tzdata/Brazil/DeNoronha
FILECOPY C:/Tcl/lib/tcl8.5/tzdata/Brazil/East
FILECOPY C:/Tcl/lib/tcl8.5/tzdata/Brazil/West
MKDIR C:/Tcl/lib/tcl8.5/tzdata/Canada
FILECOPY C:/Tcl/lib/tcl8.5/tzdata/Canada/Atlantic
FILECOPY C:/Tcl/lib/tcl8.5/tzdata/Canada/Central
FILECOPY C:/Tcl/lib/tcl8.5/tzdata/Canada/East-Saskatchewan
FILECOPY C:/Tcl/lib/tcl8.5/tzdata/Canada/Eastern
FILECOPY C:/Tcl/lib/tcl8.5/tzdata/Canada/Mountain
FILECOPY C:/Tcl/lib/tcl8.5/tzdata/Canada/Newfoundland
FILECOPY C:/Tcl/lib/tcl8.5/tzdata/Canada/Pacific
FILECOPY C:/Tcl/lib/tcl8.5/tzdata/Canada/Saskatchewan
FILECOPY C:/Tcl/lib/tcl8.5/tzdata/Canada/Yukon
MKDIR C:/Tcl/lib/tcl8.5/tzdata/Chile
FILECOPY C:/Tcl/lib/tcl8.5/tzdata/Chile/Continental
FILECOPY C:/Tcl/lib/tcl8.5/tzdata/Chile/EasterIsland
MKDIR C:/Tcl/lib/tcl8.5/tzdata/Etc
FILECOPY C:/Tcl/lib/tcl8.5/tzdata/Etc/GMT
FILECOPY C:/Tcl/lib/tcl8.5/tzdata/Etc/GMT+0
FILECOPY C:/Tcl/lib/tcl8.5/tzdata/Etc/GMT+1
FILECOPY C:/Tcl/lib/tcl8.5/tzdata/Etc/GMT+10
FILECOPY C:/Tcl/lib/tcl8.5/tzdata/Etc/GMT+11
FILECOPY C:/Tcl/lib/tcl8.5/tzdata/Etc/GMT+12
FILECOPY C:/Tcl/lib/tcl8.5/tzdata/Etc/GMT+2
FILECOPY C:/Tcl/lib/tcl8.5/tzdata/Etc/GMT+3
FILECOPY C:/Tcl/lib/tcl8.5/tzdata/Etc/GMT+4
FILECOPY C:/Tcl/lib/tcl8.5/tzdata/Etc/GMT+5
FILECOPY C:/Tcl/lib/tcl8.5/tzdata/Etc/GMT+6
FILECOPY C:/Tcl/lib/tcl8.5/tzdata/Etc/GMT+7
FILECOPY C:/Tcl/lib/tcl8.5/tzdata/Etc/GMT+8
FILECOPY C:/Tcl/lib/tcl8.5/tzdata/Etc/GMT+9
FILECOPY C:/Tcl/lib/tcl8.5/tzdata/Etc/GMT-0
FILECOPY C:/Tcl/lib/tcl8.5/tzdata/Etc/GMT-1
FILECOPY C:/Tcl/lib/tcl8.5/tzdata/Etc/GMT-10
FILECOPY C:/Tcl/lib/tcl8.5/tzdata/Etc/GMT-11
FILECOPY C:/Tcl/lib/tcl8.5/tzdata/Etc/GMT-12
FILECOPY C:/Tcl/lib/tcl8.5/tzdata/Etc/GMT-13
FILECOPY C:/Tcl/lib/tcl8.5/tzdata/Etc/GMT-14
FILECOPY C:/Tcl/lib/tcl8.5/tzdata/Etc/GMT-2
FILECOPY C:/Tcl/lib/tcl8.5/tzdata/Etc/GMT-3
FILECOPY C:/Tcl/lib/tcl8.5/tzdata/Etc/GMT-4
FILECOPY C:/Tcl/lib/tcl8.5/tzdata/Etc/GMT-5
FILECOPY C:/Tcl/lib/tcl8.5/tzdata/Etc/GMT-6
FILECOPY C:/Tcl/lib/tcl8.5/tzdata/Etc/GMT-7
FILECOPY C:/Tcl/lib/tcl8.5/tzdata/Etc/GMT-8
FILECOPY C:/Tcl/lib/tcl8.5/tzdata/Etc/GMT-9
FILECOPY C:/Tcl/lib/tcl8.5/tzdata/Etc/GMT0
FILECOPY C:/Tcl/lib/tcl8.5/tzdata/Etc/Greenwich
FILECOPY C:/Tcl/lib/tcl8.5/tzdata/Etc/UCT
FILECOPY C:/Tcl/lib/tcl8.5/tzdata/Etc/UTC
FILECOPY C:/Tcl/lib/tcl8.5/tzdata/Etc/Universal
FILECOPY C:/Tcl/lib/tcl8.5/tzdata/Etc/Zulu
MKDIR C:/Tcl/lib/tcl8.5/tzdata/Europe
FILECOPY C:/Tcl/lib/tcl8.5/tzdata/Europe/Amsterdam
FILECOPY C:/Tcl/lib/tcl8.5/tzdata/Europe/Andorra
FILECOPY C:/Tcl/lib/tcl8.5/tzdata/Europe/Athens
FILECOPY C:/Tcl/lib/tcl8.5/tzdata/Europe/Belfast
FILECOPY C:/Tcl/lib/tcl8.5/tzdata/Europe/Belgrade
FILECOPY C:/Tcl/lib/tcl8.5/tzdata/Europe/Berlin
FILECOPY C:/Tcl/lib/tcl8.5/tzdata/Europe/Bratislava
FILECOPY C:/Tcl/lib/tcl8.5/tzdata/Europe/Brussels
FILECOPY C:/Tcl/lib/tcl8.5/tzdata/Europe/Bucharest
FILECOPY C:/Tcl/lib/tcl8.5/tzdata/Europe/Budapest
FILECOPY C:/Tcl/lib/tcl8.5/tzdata/Europe/Busingen
FILECOPY C:/Tcl/lib/tcl8.5/tzdata/Europe/Chisinau
FILECOPY C:/Tcl/lib/tcl8.5/tzdata/Europe/Copenhagen
FILECOPY C:/Tcl/lib/tcl8.5/tzdata/Europe/Dublin
FILECOPY C:/Tcl/lib/tcl8.5/tzdata/Europe/Gibraltar
FILECOPY C:/Tcl/lib/tcl8.5/tzdata/Europe/Guernsey
FILECOPY C:/Tcl/lib/tcl8.5/tzdata/Europe/Helsinki
FILECOPY C:/Tcl/lib/tcl8.5/tzdata/Europe/Isle_of_Man
FILECOPY C:/Tcl/lib/tcl8.5/tzdata/Europe/Istanbul
FILECOPY C:/Tcl/lib/tcl8.5/tzdata/Europe/Jersey
FILECOPY C:/Tcl/lib/tcl8.5/tzdata/Europe/Kaliningrad
FILECOPY C:/Tcl/lib/tcl8.5/tzdata/Europe/Kiev
FILECOPY C:/Tcl/lib/tcl8.5/tzdata/Europe/Lisbon
FILECOPY C:/Tcl/lib/tcl8.5/tzdata/Europe/Ljubljana
FILECOPY C:/Tcl/lib/tcl8.5/tzdata/Europe/London
FILECOPY C:/Tcl/lib/tcl8.5/tzdata/Europe/Luxembourg
FILECOPY C:/Tcl/lib/tcl8.5/tzdata/Europe/Madrid
FILECOPY C:/Tcl/lib/tcl8.5/tzdata/Europe/Malta
FILECOPY C:/Tcl/lib/tcl8.5/tzdata/Europe/Mariehamn
FILECOPY C:/Tcl/lib/tcl8.5/tzdata/Europe/Minsk
FILECOPY C:/Tcl/lib/tcl8.5/tzdata/Europe/Monaco
FILECOPY C:/Tcl/lib/tcl8.5/tzdata/Europe/Moscow
FILECOPY C:/Tcl/lib/tcl8.5/tzdata/Europe/Nicosia
FILECOPY C:/Tcl/lib/tcl8.5/tzdata/Europe/Oslo
FILECOPY C:/Tcl/lib/tcl8.5/tzdata/Europe/Paris
FILECOPY C:/Tcl/lib/tcl8.5/tzdata/Europe/Podgorica
FILECOPY C:/Tcl/lib/tcl8.5/tzdata/Europe/Prague
FILECOPY C:/Tcl/lib/tcl8.5/tzdata/Europe/Riga
FILECOPY C:/Tcl/lib/tcl8.5/tzdata/Europe/Rome
FILECOPY C:/Tcl/lib/tcl8.5/tzdata/Europe/Samara
FILECOPY C:/Tcl/lib/tcl8.5/tzdata/Europe/San_Marino
FILECOPY C:/Tcl/lib/tcl8.5/tzdata/Europe/Sarajevo
FILECOPY C:/Tcl/lib/tcl8.5/tzdata/Europe/Simferopol
FILECOPY C:/Tcl/lib/tcl8.5/tzdata/Europe/Skopje
FILECOPY C:/Tcl/lib/tcl8.5/tzdata/Europe/Sofia
FILECOPY C:/Tcl/lib/tcl8.5/tzdata/Europe/Stockholm
FILECOPY C:/Tcl/lib/tcl8.5/tzdata/Europe/Tallinn
FILECOPY C:/Tcl/lib/tcl8.5/tzdata/Europe/Tirane
FILECOPY C:/Tcl/lib/tcl8.5/tzdata/Europe/Tiraspol
FILECOPY C:/Tcl/lib/tcl8.5/tzdata/Europe/Uzhgorod
FILECOPY C:/Tcl/lib/tcl8.5/tzdata/Europe/Vaduz
FILECOPY C:/Tcl/lib/tcl8.5/tzdata/Europe/Vatican
FILECOPY C:/Tcl/lib/tcl8.5/tzdata/Europe/Vienna
FILECOPY C:/Tcl/lib/tcl8.5/tzdata/Europe/Vilnius
FILECOPY C:/Tcl/lib/tcl8.5/tzdata/Europe/Volgograd
FILECOPY C:/Tcl/lib/tcl8.5/tzdata/Europe/Warsaw
FILECOPY C:/Tcl/lib/tcl8.5/tzdata/Europe/Zagreb
FILECOPY C:/Tcl/lib/tcl8.5/tzdata/Europe/Zaporozhye
FILECOPY C:/Tcl/lib/tcl8.5/tzdata/Europe/Zurich
MKDIR C:/Tcl/lib/tcl8.5/tzdata/Indian
FILECOPY C:/Tcl/lib/tcl8.5/tzdata/Indian/Antananarivo
FILECOPY C:/Tcl/lib/tcl8.5/tzdata/Indian/Chagos
FILECOPY C:/Tcl/lib/tcl8.5/tzdata/Indian/Christmas
FILECOPY C:/Tcl/lib/tcl8.5/tzdata/Indian/Cocos
FILECOPY C:/Tcl/lib/tcl8.5/tzdata/Indian/Comoro
FILECOPY C:/Tcl/lib/tcl8.5/tzdata/Indian/Kerguelen
FILECOPY C:/Tcl/lib/tcl8.5/tzdata/Indian/Mahe
FILECOPY C:/Tcl/lib/tcl8.5/tzdata/Indian/Maldives
FILECOPY C:/Tcl/lib/tcl8.5/tzdata/Indian/Mauritius
FILECOPY C:/Tcl/lib/tcl8.5/tzdata/Indian/Mayotte
FILECOPY C:/Tcl/lib/tcl8.5/tzdata/Indian/Reunion
MKDIR C:/Tcl/lib/tcl8.5/tzdata/Mexico
FILECOPY C:/Tcl/lib/tcl8.5/tzdata/Mexico/BajaNorte
FILECOPY C:/Tcl/lib/tcl8.5/tzdata/Mexico/BajaSur
FILECOPY C:/Tcl/lib/tcl8.5/tzdata/Mexico/General
MKDIR C:/Tcl/lib/tcl8.5/tzdata/Pacific
FILECOPY C:/Tcl/lib/tcl8.5/tzdata/Pacific/Apia
FILECOPY C:/Tcl/lib/tcl8.5/tzdata/Pacific/Auckland
FILECOPY C:/Tcl/lib/tcl8.5/tzdata/Pacific/Bougainville
FILECOPY C:/Tcl/lib/tcl8.5/tzdata/Pacific/Chatham
FILECOPY C:/Tcl/lib/tcl8.5/tzdata/Pacific/Chuuk
FILECOPY C:/Tcl/lib/tcl8.5/tzdata/Pacific/Easter
FILECOPY C:/Tcl/lib/tcl8.5/tzdata/Pacific/Efate
FILECOPY C:/Tcl/lib/tcl8.5/tzdata/Pacific/Enderbury
FILECOPY C:/Tcl/lib/tcl8.5/tzdata/Pacific/Fakaofo
FILECOPY C:/Tcl/lib/tcl8.5/tzdata/Pacific/Fiji
FILECOPY C:/Tcl/lib/tcl8.5/tzdata/Pacific/Funafuti
FILECOPY C:/Tcl/lib/tcl8.5/tzdata/Pacific/Galapagos
FILECOPY C:/Tcl/lib/tcl8.5/tzdata/Pacific/Gambier
FILECOPY C:/Tcl/lib/tcl8.5/tzdata/Pacific/Guadalcanal
FILECOPY C:/Tcl/lib/tcl8.5/tzdata/Pacific/Guam
FILECOPY C:/Tcl/lib/tcl8.5/tzdata/Pacific/Honolulu
FILECOPY C:/Tcl/lib/tcl8.5/tzdata/Pacific/Johnston
FILECOPY C:/Tcl/lib/tcl8.5/tzdata/Pacific/Kiritimati
FILECOPY C:/Tcl/lib/tcl8.5/tzdata/Pacific/Kosrae
FILECOPY C:/Tcl/lib/tcl8.5/tzdata/Pacific/Kwajalein
FILECOPY C:/Tcl/lib/tcl8.5/tzdata/Pacific/Majuro
FILECOPY C:/Tcl/lib/tcl8.5/tzdata/Pacific/Marquesas
FILECOPY C:/Tcl/lib/tcl8.5/tzdata/Pacific/Midway
FILECOPY C:/Tcl/lib/tcl8.5/tzdata/Pacific/Nauru
FILECOPY C:/Tcl/lib/tcl8.5/tzdata/Pacific/Niue
FILECOPY C:/Tcl/lib/tcl8.5/tzdata/Pacific/Norfolk
FILECOPY C:/Tcl/lib/tcl8.5/tzdata/Pacific/Noumea
FILECOPY C:/Tcl/lib/tcl8.5/tzdata/Pacific/Pago_Pago
FILECOPY C:/Tcl/lib/tcl8.5/tzdata/Pacific/Palau
FILECOPY C:/Tcl/lib/tcl8.5/tzdata/Pacific/Pitcairn
FILECOPY C:/Tcl/lib/tcl8.5/tzdata/Pacific/Pohnpei
FILECOPY C:/Tcl/lib/tcl8.5/tzdata/Pacific/Ponape
FILECOPY C:/Tcl/lib/tcl8.5/tzdata/Pacific/Port_Moresby
FILECOPY C:/Tcl/lib/tcl8.5/tzdata/Pacific/Rarotonga
FILECOPY C:/Tcl/lib/tcl8.5/tzdata/Pacific/Saipan
FILECOPY C:/Tcl/lib/tcl8.5/tzdata/Pacific/Samoa
FILECOPY C:/Tcl/lib/tcl8.5/tzdata/Pacific/Tahiti
FILECOPY C:/Tcl/lib/tcl8.5/tzdata/Pacific/Tarawa
FILECOPY C:/Tcl/lib/tcl8.5/tzdata/Pacific/Tongatapu
FILECOPY C:/Tcl/lib/tcl8.5/tzdata/Pacific/Truk
FILECOPY C:/Tcl/lib/tcl8.5/tzdata/Pacific/Wake
FILECOPY C:/Tcl/lib/tcl8.5/tzdata/Pacific/Wallis
FILECOPY C:/Tcl/lib/tcl8.5/tzdata/Pacific/Yap
MKDIR C:/Tcl/lib/tcl8.5/tzdata/SystemV
FILECOPY C:/Tcl/lib/tcl8.5/tzdata/SystemV/AST4
FILECOPY C:/Tcl/lib/tcl8.5/tzdata/SystemV/AST4ADT
FILECOPY C:/Tcl/lib/tcl8.5/tzdata/SystemV/CST6
FILECOPY C:/Tcl/lib/tcl8.5/tzdata/SystemV/CST6CDT
FILECOPY C:/Tcl/lib/tcl8.5/tzdata/SystemV/EST5
FILECOPY C:/Tcl/lib/tcl8.5/tzdata/SystemV/EST5EDT
FILECOPY C:/Tcl/lib/tcl8.5/tzdata/SystemV/HST10
FILECOPY C:/Tcl/lib/tcl8.5/tzdata/SystemV/MST7
FILECOPY C:/Tcl/lib/tcl8.5/tzdata/SystemV/MST7MDT
FILECOPY C:/Tcl/lib/tcl8.5/tzdata/SystemV/PST8
FILECOPY C:/Tcl/lib/tcl8.5/tzdata/SystemV/PST8PDT
FILECOPY C:/Tcl/lib/tcl8.5/tzdata/SystemV/YST9
FILECOPY C:/Tcl/lib/tcl8.5/tzdata/SystemV/YST9YDT
MKDIR C:/Tcl/lib/tcl8.5/tzdata/US
FILECOPY C:/Tcl/lib/tcl8.5/tzdata/US/Alaska
FILECOPY C:/Tcl/lib/tcl8.5/tzdata/US/Aleutian
FILECOPY C:/Tcl/lib/tcl8.5/tzdata/US/Arizona
FILECOPY C:/Tcl/lib/tcl8.5/tzdata/US/Central
FILECOPY C:/Tcl/lib/tcl8.5/tzdata/US/East-Indiana
FILECOPY C:/Tcl/lib/tcl8.5/tzdata/US/Eastern
FILECOPY C:/Tcl/lib/tcl8.5/tzdata/US/Hawaii
FILECOPY C:/Tcl/lib/tcl8.5/tzdata/US/Indiana-Starke
FILECOPY C:/Tcl/lib/tcl8.5/tzdata/US/Michigan
FILECOPY C:/Tcl/lib/tcl8.5/tzdata/US/Mountain
FILECOPY C:/Tcl/lib/tcl8.5/tzdata/US/Pacific
FILECOPY C:/Tcl/lib/tcl8.5/tzdata/US/Pacific-New
FILECOPY C:/Tcl/lib/tcl8.5/tzdata/US/Samoa
MKDIR C:/Tcl/lib/teapot
FILECOPY C:/Tcl/lib/teapot/INDEX
FILECOPY C:/Tcl/lib/teapot/INSTALLLOG
FILECOPY C:/Tcl/lib/teapot/teapot.local-ma.config
MKDIR C:/Tcl/lib/teapot/package
MKDIR C:/Tcl/lib/teapot/package/tcl
MKDIR C:/Tcl/lib/teapot/package/tcl/lib
FILECOPY C:/Tcl/lib/teapot/package/tcl/lib/pkgIndex.tcl
MKDIR C:/Tcl/lib/teapot/package/tcl/lib/BWidget1.9.8
FILECOPY C:/Tcl/lib/teapot/package/tcl/lib/BWidget1.9.8/arrow.tcl
FILECOPY C:/Tcl/lib/teapot/package/tcl/lib/BWidget1.9.8/bitmap.tcl
FILECOPY C:/Tcl/lib/teapot/package/tcl/lib/BWidget1.9.8/button.tcl
FILECOPY C:/Tcl/lib/teapot/package/tcl/lib/BWidget1.9.8/buttonbox.tcl
FILECOPY C:/Tcl/lib/teapot/package/tcl/lib/BWidget1.9.8/color.tcl
FILECOPY C:/Tcl/lib/teapot/package/tcl/lib/BWidget1.9.8/combobox.tcl
FILECOPY C:/Tcl/lib/teapot/package/tcl/lib/BWidget1.9.8/dialog.tcl
FILECOPY C:/Tcl/lib/teapot/package/tcl/lib/BWidget1.9.8/dragsite.tcl
FILECOPY C:/Tcl/lib/teapot/package/tcl/lib/BWidget1.9.8/dropsite.tcl
FILECOPY C:/Tcl/lib/teapot/package/tcl/lib/BWidget1.9.8/dynhelp.tcl
FILECOPY C:/Tcl/lib/teapot/package/tcl/lib/BWidget1.9.8/entry.tcl
FILECOPY C:/Tcl/lib/teapot/package/tcl/lib/BWidget1.9.8/font.tcl
FILECOPY C:/Tcl/lib/teapot/package/tcl/lib/BWidget1.9.8/init.tcl
FILECOPY C:/Tcl/lib/teapot/package/tcl/lib/BWidget1.9.8/label.tcl
FILECOPY C:/Tcl/lib/teapot/package/tcl/lib/BWidget1.9.8/labelentry.tcl
FILECOPY C:/Tcl/lib/teapot/package/tcl/lib/BWidget1.9.8/labelframe.tcl
FILECOPY C:/Tcl/lib/teapot/package/tcl/lib/BWidget1.9.8/listbox.tcl
FILECOPY C:/Tcl/lib/teapot/package/tcl/lib/BWidget1.9.8/mainframe.tcl
FILECOPY C:/Tcl/lib/teapot/package/tcl/lib/BWidget1.9.8/messagedlg.tcl
FILECOPY C:/Tcl/lib/teapot/package/tcl/lib/BWidget1.9.8/notebook.tcl
FILECOPY C:/Tcl/lib/teapot/package/tcl/lib/BWidget1.9.8/pagesmgr.tcl
FILECOPY C:/Tcl/lib/teapot/package/tcl/lib/BWidget1.9.8/panedw.tcl
FILECOPY C:/Tcl/lib/teapot/package/tcl/lib/BWidget1.9.8/panelframe.tcl
FILECOPY C:/Tcl/lib/teapot/package/tcl/lib/BWidget1.9.8/passwddlg.tcl
FILECOPY C:/Tcl/lib/teapot/package/tcl/lib/BWidget1.9.8/pkgIndex.tcl
FILECOPY C:/Tcl/lib/teapot/package/tcl/lib/BWidget1.9.8/progressbar.tcl
FILECOPY C:/Tcl/lib/teapot/package/tcl/lib/BWidget1.9.8/progressdlg.tcl
FILECOPY C:/Tcl/lib/teapot/package/tcl/lib/BWidget1.9.8/scrollframe.tcl
FILECOPY C:/Tcl/lib/teapot/package/tcl/lib/BWidget1.9.8/scrollview.tcl
FILECOPY C:/Tcl/lib/teapot/package/tcl/lib/BWidget1.9.8/scrollw.tcl
FILECOPY C:/Tcl/lib/teapot/package/tcl/lib/BWidget1.9.8/separator.tcl
FILECOPY C:/Tcl/lib/teapot/package/tcl/lib/BWidget1.9.8/spinbox.tcl
FILECOPY C:/Tcl/lib/teapot/package/tcl/lib/BWidget1.9.8/statusbar.tcl
FILECOPY C:/Tcl/lib/teapot/package/tcl/lib/BWidget1.9.8/titleframe.tcl
FILECOPY C:/Tcl/lib/teapot/package/tcl/lib/BWidget1.9.8/tree.tcl
FILECOPY C:/Tcl/lib/teapot/package/tcl/lib/BWidget1.9.8/utils.tcl
FILECOPY C:/Tcl/lib/teapot/package/tcl/lib/BWidget1.9.8/widget.tcl
FILECOPY C:/Tcl/lib/teapot/package/tcl/lib/BWidget1.9.8/wizard.tcl
FILECOPY C:/Tcl/lib/teapot/package/tcl/lib/BWidget1.9.8/xpm2image.tcl
MKDIR C:/Tcl/lib/teapot/package/tcl/lib/BWidget1.9.8/images
FILECOPY C:/Tcl/lib/teapot/package/tcl/lib/BWidget1.9.8/images/bold.gif
FILECOPY C:/Tcl/lib/teapot/package/tcl/lib/BWidget1.9.8/images/copy.gif
FILECOPY C:/Tcl/lib/teapot/package/tcl/lib/BWidget1.9.8/images/cut.gif
FILECOPY C:/Tcl/lib/teapot/package/tcl/lib/BWidget1.9.8/images/dragfile.gif
FILECOPY C:/Tcl/lib/teapot/package/tcl/lib/BWidget1.9.8/images/dragicon.gif
FILECOPY C:/Tcl/lib/teapot/package/tcl/lib/BWidget1.9.8/images/error.gif
FILECOPY C:/Tcl/lib/teapot/package/tcl/lib/BWidget1.9.8/images/file.gif
FILECOPY C:/Tcl/lib/teapot/package/tcl/lib/BWidget1.9.8/images/folder.gif
FILECOPY C:/Tcl/lib/teapot/package/tcl/lib/BWidget1.9.8/images/hourglass.gif
FILECOPY C:/Tcl/lib/teapot/package/tcl/lib/BWidget1.9.8/images/info.gif
FILECOPY C:/Tcl/lib/teapot/package/tcl/lib/BWidget1.9.8/images/italic.gif
FILECOPY C:/Tcl/lib/teapot/package/tcl/lib/BWidget1.9.8/images/minus.xbm
FILECOPY C:/Tcl/lib/teapot/package/tcl/lib/BWidget1.9.8/images/new.gif
FILECOPY C:/Tcl/lib/teapot/package/tcl/lib/BWidget1.9.8/images/opcopy.xbm
FILECOPY C:/Tcl/lib/teapot/package/tcl/lib/BWidget1.9.8/images/open.gif
FILECOPY C:/Tcl/lib/teapot/package/tcl/lib/BWidget1.9.8/images/openfold.gif
FILECOPY C:/Tcl/lib/teapot/package/tcl/lib/BWidget1.9.8/images/oplink.xbm
FILECOPY C:/Tcl/lib/teapot/package/tcl/lib/BWidget1.9.8/images/opmove.xbm
FILECOPY C:/Tcl/lib/teapot/package/tcl/lib/BWidget1.9.8/images/overstrike.gif
FILECOPY C:/Tcl/lib/teapot/package/tcl/lib/BWidget1.9.8/images/palette.gif
FILECOPY C:/Tcl/lib/teapot/package/tcl/lib/BWidget1.9.8/images/passwd.gif
FILECOPY C:/Tcl/lib/teapot/package/tcl/lib/BWidget1.9.8/images/paste.gif
FILECOPY C:/Tcl/lib/teapot/package/tcl/lib/BWidget1.9.8/images/plus.xbm
FILECOPY C:/Tcl/lib/teapot/package/tcl/lib/BWidget1.9.8/images/print.gif
FILECOPY C:/Tcl/lib/teapot/package/tcl/lib/BWidget1.9.8/images/question.gif
FILECOPY C:/Tcl/lib/teapot/package/tcl/lib/BWidget1.9.8/images/redo.gif
FILECOPY C:/Tcl/lib/teapot/package/tcl/lib/BWidget1.9.8/images/save.gif
FILECOPY C:/Tcl/lib/teapot/package/tcl/lib/BWidget1.9.8/images/target.xbm
FILECOPY C:/Tcl/lib/teapot/package/tcl/lib/BWidget1.9.8/images/underline.gif
FILECOPY C:/Tcl/lib/teapot/package/tcl/lib/BWidget1.9.8/images/undo.gif
FILECOPY C:/Tcl/lib/teapot/package/tcl/lib/BWidget1.9.8/images/warning.gif
MKDIR C:/Tcl/lib/teapot/package/tcl/lib/BWidget1.9.8/lang
FILECOPY C:/Tcl/lib/teapot/package/tcl/lib/BWidget1.9.8/lang/da.rc
FILECOPY C:/Tcl/lib/teapot/package/tcl/lib/BWidget1.9.8/lang/de.rc
FILECOPY C:/Tcl/lib/teapot/package/tcl/lib/BWidget1.9.8/lang/en.rc
FILECOPY C:/Tcl/lib/teapot/package/tcl/lib/BWidget1.9.8/lang/es.rc
FILECOPY C:/Tcl/lib/teapot/package/tcl/lib/BWidget1.9.8/lang/fr.rc
FILECOPY C:/Tcl/lib/teapot/package/tcl/lib/BWidget1.9.8/lang/hu.rc
FILECOPY C:/Tcl/lib/teapot/package/tcl/lib/BWidget1.9.8/lang/nl.rc
FILECOPY C:/Tcl/lib/teapot/package/tcl/lib/BWidget1.9.8/lang/no.rc
FILECOPY C:/Tcl/lib/teapot/package/tcl/lib/BWidget1.9.8/lang/pl.rc
MKDIR C:/Tcl/lib/teapot/package/tcl/lib/snit2.3.2
FILECOPY C:/Tcl/lib/teapot/package/tcl/lib/snit2.3.2/main2.tcl
FILECOPY C:/Tcl/lib/teapot/package/tcl/lib/snit2.3.2/pkgIndex.tcl
FILECOPY C:/Tcl/lib/teapot/package/tcl/lib/snit2.3.2/snit2.tcl
FILECOPY C:/Tcl/lib/teapot/package/tcl/lib/snit2.3.2/validate.tcl
MKDIR C:/Tcl/lib/teapot/package/tcl/lib/struct_graph2.4
FILECOPY C:/Tcl/lib/teapot/package/tcl/lib/struct_graph2.4/graph.tcl
FILECOPY C:/Tcl/lib/teapot/package/tcl/lib/struct_graph2.4/graph_tcl.tcl
FILECOPY C:/Tcl/lib/teapot/package/tcl/lib/struct_graph2.4/pkgIndex.tcl
MKDIR C:/Tcl/lib/teapot/package/tcl/lib/struct_queue1.4.5
FILECOPY C:/Tcl/lib/teapot/package/tcl/lib/struct_queue1.4.5/pkgIndex.tcl
FILECOPY C:/Tcl/lib/teapot/package/tcl/lib/struct_queue1.4.5/queue.tcl
FILECOPY C:/Tcl/lib/teapot/package/tcl/lib/struct_queue1.4.5/queue_oo.tcl
FILECOPY C:/Tcl/lib/teapot/package/tcl/lib/struct_queue1.4.5/queue_tcl.tcl
MKDIR C:/Tcl/lib/teapot/package/tcl/lib/struct_set2.2.3
FILECOPY C:/Tcl/lib/teapot/package/tcl/lib/struct_set2.2.3/pkgIndex.tcl
FILECOPY C:/Tcl/lib/teapot/package/tcl/lib/struct_set2.2.3/sets.tcl
FILECOPY C:/Tcl/lib/teapot/package/tcl/lib/struct_set2.2.3/sets_tcl.tcl
MKDIR C:/Tcl/lib/teapot/package/tcl/lib/struct_stack1.5.3
FILECOPY C:/Tcl/lib/teapot/package/tcl/lib/struct_stack1.5.3/pkgIndex.tcl
FILECOPY C:/Tcl/lib/teapot/package/tcl/lib/struct_stack1.5.3/stack.tcl
FILECOPY C:/Tcl/lib/teapot/package/tcl/lib/struct_stack1.5.3/stack_oo.tcl
FILECOPY C:/Tcl/lib/teapot/package/tcl/lib/struct_stack1.5.3/stack_tcl.tcl
MKDIR C:/Tcl/lib/teapot/package/tcl/lib/struct_tree2.1.2
FILECOPY C:/Tcl/lib/teapot/package/tcl/lib/struct_tree2.1.2/pkgIndex.tcl
FILECOPY C:/Tcl/lib/teapot/package/tcl/lib/struct_tree2.1.2/tree.tcl
FILECOPY C:/Tcl/lib/teapot/package/tcl/lib/struct_tree2.1.2/tree_tcl.tcl
MKDIR C:/Tcl/lib/teapot/package/tcl/lib/tablelist_common5.13
FILECOPY C:/Tcl/lib/teapot/package/tcl/lib/tablelist_common5.13/pkgIndex.tcl
FILECOPY C:/Tcl/lib/teapot/package/tcl/lib/tablelist_common5.13/tablelistPublic.tcl
MKDIR C:/Tcl/lib/teapot/package/tcl/lib/tablelist_common5.13/scripts
FILECOPY C:/Tcl/lib/teapot/package/tcl/lib/tablelist_common5.13/scripts/mwutil.tcl
FILECOPY C:/Tcl/lib/teapot/package/tcl/lib/tablelist_common5.13/scripts/pencil.cur
FILECOPY C:/Tcl/lib/teapot/package/tcl/lib/tablelist_common5.13/scripts/repair.tcl
FILECOPY C:/Tcl/lib/teapot/package/tcl/lib/tablelist_common5.13/scripts/tablelistBind.tcl
FILECOPY C:/Tcl/lib/teapot/package/tcl/lib/tablelist_common5.13/scripts/tablelistConfig.tcl
FILECOPY C:/Tcl/lib/teapot/package/tcl/lib/tablelist_common5.13/scripts/tablelistEdit.tcl
FILECOPY C:/Tcl/lib/teapot/package/tcl/lib/tablelist_common5.13/scripts/tablelistImages.tcl
FILECOPY C:/Tcl/lib/teapot/package/tcl/lib/tablelist_common5.13/scripts/tablelistMove.tcl
FILECOPY C:/Tcl/lib/teapot/package/tcl/lib/tablelist_common5.13/scripts/tablelistSort.tcl
FILECOPY C:/Tcl/lib/teapot/package/tcl/lib/tablelist_common5.13/scripts/tablelistThemes.tcl
FILECOPY C:/Tcl/lib/teapot/package/tcl/lib/tablelist_common5.13/scripts/tablelistUtil.tcl
FILECOPY C:/Tcl/lib/teapot/package/tcl/lib/tablelist_common5.13/scripts/tablelistWidget.tcl
FILECOPY C:/Tcl/lib/teapot/package/tcl/lib/tablelist_common5.13/scripts/tclIndex
MKDIR C:/Tcl/lib/teapot/package/tcl/teapot
MKDIR C:/Tcl/lib/teapot/package/tcl/teapot/tcl8
MKDIR C:/Tcl/lib/teapot/package/tcl/teapot/tcl8/8.0
FILECOPY C:/Tcl/lib/teapot/package/tcl/teapot/tcl8/8.0/log-1.3.tm
FILECOPY C:/Tcl/lib/teapot/package/tcl/teapot/tcl8/8.0/tablelist-5.13.tm
MKDIR C:/Tcl/lib/teapot/package/tcl/teapot/tcl8/8.2
FILECOPY C:/Tcl/lib/teapot/package/tcl/teapot/tcl8/8.2/base64-2.4.2.tm
FILECOPY C:/Tcl/lib/teapot/package/tcl/teapot/tcl8/8.2/cmdline-1.5.tm
FILECOPY C:/Tcl/lib/teapot/package/tcl/teapot/tcl8/8.2/fileutil-1.14.10.tm
FILECOPY C:/Tcl/lib/teapot/package/tcl/teapot/tcl8/8.2/ftp-2.4.13.tm
FILECOPY C:/Tcl/lib/teapot/package/tcl/teapot/tcl8/8.2/logger-0.9.3.tm
FILECOPY C:/Tcl/lib/teapot/package/tcl/teapot/tcl8/8.2/md5-2.0.7.tm
FILECOPY C:/Tcl/lib/teapot/package/tcl/teapot/tcl8/8.2/report-0.3.2.tm
FILECOPY C:/Tcl/lib/teapot/package/tcl/teapot/tcl8/8.2/struct-2.1.tm
FILECOPY C:/Tcl/lib/teapot/package/tcl/teapot/tcl8/8.2/textutil-0.8.tm
MKDIR C:/Tcl/lib/teapot/package/tcl/teapot/tcl8/8.2/struct
FILECOPY C:/Tcl/lib/teapot/package/tcl/teapot/tcl8/8.2/struct/matrix-2.0.3.tm
FILECOPY C:/Tcl/lib/teapot/package/tcl/teapot/tcl8/8.2/struct/pool-1.2.2.tm
FILECOPY C:/Tcl/lib/teapot/package/tcl/teapot/tcl8/8.2/struct/prioqueue-1.4.tm
FILECOPY C:/Tcl/lib/teapot/package/tcl/teapot/tcl8/8.2/struct/record-1.2.1.tm
FILECOPY C:/Tcl/lib/teapot/package/tcl/teapot/tcl8/8.2/struct/skiplist-1.3.tm
MKDIR C:/Tcl/lib/teapot/package/tcl/teapot/tcl8/8.2/textutil
FILECOPY C:/Tcl/lib/teapot/package/tcl/teapot/tcl8/8.2/textutil/adjust-0.7.3.tm
FILECOPY C:/Tcl/lib/teapot/package/tcl/teapot/tcl8/8.2/textutil/repeat-0.7.tm
FILECOPY C:/Tcl/lib/teapot/package/tcl/teapot/tcl8/8.2/textutil/split-0.7.tm
FILECOPY C:/Tcl/lib/teapot/package/tcl/teapot/tcl8/8.2/textutil/string-0.8.tm
FILECOPY C:/Tcl/lib/teapot/package/tcl/teapot/tcl8/8.2/textutil/tabify-0.7.tm
FILECOPY C:/Tcl/lib/teapot/package/tcl/teapot/tcl8/8.2/textutil/trim-0.7.tm
MKDIR C:/Tcl/lib/teapot/package/tcl/teapot/tcl8/8.3
FILECOPY C:/Tcl/lib/teapot/package/tcl/teapot/tcl8/8.3/comm-4.6.3.1.tm
MKDIR C:/Tcl/lib/teapot/package/tcl/teapot/tcl8/8.4
FILECOPY C:/Tcl/lib/teapot/package/tcl/teapot/tcl8/8.4/Img-1.4.3.tm
FILECOPY C:/Tcl/lib/teapot/package/tcl/teapot/tcl8/8.4/csv-0.8.tm
FILECOPY C:/Tcl/lib/teapot/package/tcl/teapot/tcl8/8.4/starkit-1.3.3.tm
FILECOPY C:/Tcl/lib/teapot/package/tcl/teapot/tcl8/8.4/style-0.3.tm
FILECOPY C:/Tcl/lib/teapot/package/tcl/teapot/tcl8/8.4/tablelist_tile-5.13.tm
FILECOPY C:/Tcl/lib/teapot/package/tcl/teapot/tcl8/8.4/tdomhtml-0.1.0.tm
FILECOPY C:/Tcl/lib/teapot/package/tcl/teapot/tcl8/8.4/tipstack-1.0.1.tm
FILECOPY C:/Tcl/lib/teapot/package/tcl/teapot/tcl8/8.4/tooltip-1.4.5.tm
FILECOPY C:/Tcl/lib/teapot/package/tcl/teapot/tcl8/8.4/trsync-1.0.tm
FILECOPY C:/Tcl/lib/teapot/package/tcl/teapot/tcl8/8.4/widget-3.1.tm
MKDIR C:/Tcl/lib/teapot/package/tcl/teapot/tcl8/8.4/fileutil
FILECOPY C:/Tcl/lib/teapot/package/tcl/teapot/tcl8/8.4/fileutil/globfind-1.5.tm
MKDIR C:/Tcl/lib/teapot/package/tcl/teapot/tcl8/8.4/struct
FILECOPY C:/Tcl/lib/teapot/package/tcl/teapot/tcl8/8.4/struct/list-1.8.3.tm
MKDIR C:/Tcl/lib/teapot/package/tcl/teapot/tcl8/8.4/style
FILECOPY C:/Tcl/lib/teapot/package/tcl/teapot/tcl8/8.4/style/as-1.4.1.tm
FILECOPY C:/Tcl/lib/teapot/package/tcl/teapot/tcl8/8.4/style/lobster-0.2.tm
MKDIR C:/Tcl/lib/teapot/package/tcl/teapot/tcl8/8.4/textutil
FILECOPY C:/Tcl/lib/teapot/package/tcl/teapot/tcl8/8.4/textutil/expander-1.3.1.tm
MKDIR C:/Tcl/lib/teapot/package/tcl/teapot/tcl8/8.4/vfs
FILECOPY C:/Tcl/lib/teapot/package/tcl/teapot/tcl8/8.4/vfs/ftp-1.0.tm
FILECOPY C:/Tcl/lib/teapot/package/tcl/teapot/tcl8/8.4/vfs/http-0.6.tm
FILECOPY C:/Tcl/lib/teapot/package/tcl/teapot/tcl8/8.4/vfs/mk4-1.10.1.tm
FILECOPY C:/Tcl/lib/teapot/package/tcl/teapot/tcl8/8.4/vfs/ns-0.5.1.tm
FILECOPY C:/Tcl/lib/teapot/package/tcl/teapot/tcl8/8.4/vfs/tar-0.91.tm
FILECOPY C:/Tcl/lib/teapot/package/tcl/teapot/tcl8/8.4/vfs/template-1.5.5.tm
FILECOPY C:/Tcl/lib/teapot/package/tcl/teapot/tcl8/8.4/vfs/test-1.0.tm
FILECOPY C:/Tcl/lib/teapot/package/tcl/teapot/tcl8/8.4/vfs/tk-0.5.tm
FILECOPY C:/Tcl/lib/teapot/package/tcl/teapot/tcl8/8.4/vfs/urltype-1.0.tm
FILECOPY C:/Tcl/lib/teapot/package/tcl/teapot/tcl8/8.4/vfs/webdav-0.1.tm
FILECOPY C:/Tcl/lib/teapot/package/tcl/teapot/tcl8/8.4/vfs/zip-1.0.4.1.tm
MKDIR C:/Tcl/lib/teapot/package/tcl/teapot/tcl8/8.4/vfs/template
FILECOPY C:/Tcl/lib/teapot/package/tcl/teapot/tcl8/8.4/vfs/template/chroot-1.5.2.tm
FILECOPY C:/Tcl/lib/teapot/package/tcl/teapot/tcl8/8.4/vfs/template/collate-1.5.3.tm
FILECOPY C:/Tcl/lib/teapot/package/tcl/teapot/tcl8/8.4/vfs/template/fish-1.5.2.tm
FILECOPY C:/Tcl/lib/teapot/package/tcl/teapot/tcl8/8.4/vfs/template/quota-1.5.2.tm
FILECOPY C:/Tcl/lib/teapot/package/tcl/teapot/tcl8/8.4/vfs/template/version-1.5.2.tm
MKDIR C:/Tcl/lib/teapot/package/tcl/teapot/tcl8/8.4/vfs/template/version
FILECOPY C:/Tcl/lib/teapot/package/tcl/teapot/tcl8/8.4/vfs/template/version/delta-1.5.2.tm
MKDIR C:/Tcl/lib/teapot/package/tcl/teapot/tcl8/8.4/widget
FILECOPY C:/Tcl/lib/teapot/package/tcl/teapot/tcl8/8.4/widget/all-1.2.4.tm
FILECOPY C:/Tcl/lib/teapot/package/tcl/teapot/tcl8/8.4/widget/arrowbutton-1.0.tm
FILECOPY C:/Tcl/lib/teapot/package/tcl/teapot/tcl8/8.4/widget/calendar-1.0.1.tm
FILECOPY C:/Tcl/lib/teapot/package/tcl/teapot/tcl8/8.4/widget/dateentry-0.96.tm
FILECOPY C:/Tcl/lib/teapot/package/tcl/teapot/tcl8/8.4/widget/dialog-1.3.1.tm
FILECOPY C:/Tcl/lib/teapot/package/tcl/teapot/tcl8/8.4/widget/menuentry-1.0.1.tm
FILECOPY C:/Tcl/lib/teapot/package/tcl/teapot/tcl8/8.4/widget/panelframe-1.1.tm
FILECOPY C:/Tcl/lib/teapot/package/tcl/teapot/tcl8/8.4/widget/ruler-1.1.tm
FILECOPY C:/Tcl/lib/teapot/package/tcl/teapot/tcl8/8.4/widget/screenruler-1.2.tm
FILECOPY C:/Tcl/lib/teapot/package/tcl/teapot/tcl8/8.4/widget/scrolledtext-1.0.tm
FILECOPY C:/Tcl/lib/teapot/package/tcl/teapot/tcl8/8.4/widget/scrolledwindow-1.2.1.tm
FILECOPY C:/Tcl/lib/teapot/package/tcl/teapot/tcl8/8.4/widget/statusbar-1.2.1.tm
FILECOPY C:/Tcl/lib/teapot/package/tcl/teapot/tcl8/8.4/widget/superframe-1.0.1.tm
FILECOPY C:/Tcl/lib/teapot/package/tcl/teapot/tcl8/8.4/widget/toolbar-1.2.1.tm
MKDIR C:/Tcl/lib/teapot/package/win32-ix86
MKDIR C:/Tcl/lib/teapot/package/win32-ix86/lib
FILECOPY C:/Tcl/lib/teapot/package/win32-ix86/lib/pkgIndex.tcl
MKDIR C:/Tcl/lib/teapot/package/win32-ix86/lib/Itcl3.4
FILECOPY C:/Tcl/lib/teapot/package/win32-ix86/lib/Itcl3.4/itcl.tcl
FILECOPY C:/Tcl/lib/teapot/package/win32-ix86/lib/Itcl3.4/itcl34.dll
FILECOPY C:/Tcl/lib/teapot/package/win32-ix86/lib/Itcl3.4/pkgIndex.tcl
MKDIR C:/Tcl/lib/teapot/package/win32-ix86/lib/Itk3.4
FILECOPY C:/Tcl/lib/teapot/package/win32-ix86/lib/Itk3.4/Archetype.itk
FILECOPY C:/Tcl/lib/teapot/package/win32-ix86/lib/Itk3.4/Toplevel.itk
FILECOPY C:/Tcl/lib/teapot/package/win32-ix86/lib/Itk3.4/Widget.itk
FILECOPY C:/Tcl/lib/teapot/package/win32-ix86/lib/Itk3.4/itk.tcl
FILECOPY C:/Tcl/lib/teapot/package/win32-ix86/lib/Itk3.4/itk34.dll
FILECOPY C:/Tcl/lib/teapot/package/win32-ix86/lib/Itk3.4/pkgIndex.tcl
FILECOPY C:/Tcl/lib/teapot/package/win32-ix86/lib/Itk3.4/tclIndex
MKDIR C:/Tcl/lib/teapot/package/win32-ix86/lib/Memchan2.3
FILECOPY C:/Tcl/lib/teapot/package/win32-ix86/lib/Memchan2.3/Memchan23.dll
FILECOPY C:/Tcl/lib/teapot/package/win32-ix86/lib/Memchan2.3/pkgIndex.tcl
MKDIR C:/Tcl/lib/teapot/package/win32-ix86/lib/Mk4tcl2.4.9.7.1
FILECOPY C:/Tcl/lib/teapot/package/win32-ix86/lib/Mk4tcl2.4.9.7.1/Mk4tcl.dll
FILECOPY C:/Tcl/lib/teapot/package/win32-ix86/lib/Mk4tcl2.4.9.7.1/pkgIndex.tcl
MKDIR C:/Tcl/lib/teapot/package/win32-ix86/lib/TclOO1.0.2
FILECOPY C:/Tcl/lib/teapot/package/win32-ix86/lib/TclOO1.0.2/TclOO102.dll
FILECOPY C:/Tcl/lib/teapot/package/win32-ix86/lib/TclOO1.0.2/pkgIndex.tcl
MKDIR C:/Tcl/lib/teapot/package/win32-ix86/lib/Tclx8.4
FILECOPY C:/Tcl/lib/teapot/package/win32-ix86/lib/Tclx8.4/arrayprocs.tcl
FILECOPY C:/Tcl/lib/teapot/package/win32-ix86/lib/Tclx8.4/autoload.tcl
FILECOPY C:/Tcl/lib/teapot/package/win32-ix86/lib/Tclx8.4/buildhelp.tcl
FILECOPY C:/Tcl/lib/teapot/package/win32-ix86/lib/Tclx8.4/compat.tcl
FILECOPY C:/Tcl/lib/teapot/package/win32-ix86/lib/Tclx8.4/convlib.tcl
FILECOPY C:/Tcl/lib/teapot/package/win32-ix86/lib/Tclx8.4/edprocs.tcl
FILECOPY C:/Tcl/lib/teapot/package/win32-ix86/lib/Tclx8.4/events.tcl
FILECOPY C:/Tcl/lib/teapot/package/win32-ix86/lib/Tclx8.4/fmath.tcl
FILECOPY C:/Tcl/lib/teapot/package/win32-ix86/lib/Tclx8.4/forfile.tcl
FILECOPY C:/Tcl/lib/teapot/package/win32-ix86/lib/Tclx8.4/globrecur.tcl
FILECOPY C:/Tcl/lib/teapot/package/win32-ix86/lib/Tclx8.4/help.tcl
FILECOPY C:/Tcl/lib/teapot/package/win32-ix86/lib/Tclx8.4/pkgIndex.tcl
FILECOPY C:/Tcl/lib/teapot/package/win32-ix86/lib/Tclx8.4/profrep.tcl
FILECOPY C:/Tcl/lib/teapot/package/win32-ix86/lib/Tclx8.4/pushd.tcl
FILECOPY C:/Tcl/lib/teapot/package/win32-ix86/lib/Tclx8.4/setfuncs.tcl
FILECOPY C:/Tcl/lib/teapot/package/win32-ix86/lib/Tclx8.4/showproc.tcl
FILECOPY C:/Tcl/lib/teapot/package/win32-ix86/lib/Tclx8.4/stringfile.tcl
FILECOPY C:/Tcl/lib/teapot/package/win32-ix86/lib/Tclx8.4/tcllib.tcl
FILECOPY C:/Tcl/lib/teapot/package/win32-ix86/lib/Tclx8.4/tclx.tcl
FILECOPY C:/Tcl/lib/teapot/package/win32-ix86/lib/Tclx8.4/tclx84.dll
MKDIR C:/Tcl/lib/teapot/package/win32-ix86/lib/Tktable2.11
FILECOPY C:/Tcl/lib/teapot/package/win32-ix86/lib/Tktable2.11/Tktable211.dll
FILECOPY C:/Tcl/lib/teapot/package/win32-ix86/lib/Tktable2.11/pkgIndex.tcl
FILECOPY C:/Tcl/lib/teapot/package/win32-ix86/lib/Tktable2.11/tkTable.tcl
MKDIR C:/Tcl/lib/teapot/package/win32-ix86/lib/Trf2.1.4
FILECOPY C:/Tcl/lib/teapot/package/win32-ix86/lib/Trf2.1.4/Trf214.dll
FILECOPY C:/Tcl/lib/teapot/package/win32-ix86/lib/Trf2.1.4/pkgIndex.tcl
MKDIR C:/Tcl/lib/teapot/package/win32-ix86/lib/img_base1.4.3
FILECOPY C:/Tcl/lib/teapot/package/win32-ix86/lib/img_base1.4.3/pkgIndex.tcl
FILECOPY C:/Tcl/lib/teapot/package/win32-ix86/lib/img_base1.4.3/tkimg143.dll
MKDIR C:/Tcl/lib/teapot/package/win32-ix86/lib/img_bmp1.4.3
FILECOPY C:/Tcl/lib/teapot/package/win32-ix86/lib/img_bmp1.4.3/pkgIndex.tcl
FILECOPY C:/Tcl/lib/teapot/package/win32-ix86/lib/img_bmp1.4.3/tkimgbmp143.dll
MKDIR C:/Tcl/lib/teapot/package/win32-ix86/lib/img_gif1.4.3
FILECOPY C:/Tcl/lib/teapot/package/win32-ix86/lib/img_gif1.4.3/pkgIndex.tcl
FILECOPY C:/Tcl/lib/teapot/package/win32-ix86/lib/img_gif1.4.3/tkimggif143.dll
MKDIR C:/Tcl/lib/teapot/package/win32-ix86/lib/img_ico1.4.3
FILECOPY C:/Tcl/lib/teapot/package/win32-ix86/lib/img_ico1.4.3/pkgIndex.tcl
FILECOPY C:/Tcl/lib/teapot/package/win32-ix86/lib/img_ico1.4.3/tkimgico143.dll
MKDIR C:/Tcl/lib/teapot/package/win32-ix86/lib/img_jpeg1.4.3
FILECOPY C:/Tcl/lib/teapot/package/win32-ix86/lib/img_jpeg1.4.3/pkgIndex.tcl
FILECOPY C:/Tcl/lib/teapot/package/win32-ix86/lib/img_jpeg1.4.3/tkimgjpeg143.dll
MKDIR C:/Tcl/lib/teapot/package/win32-ix86/lib/img_pcx1.4.3
FILECOPY C:/Tcl/lib/teapot/package/win32-ix86/lib/img_pcx1.4.3/pkgIndex.tcl
FILECOPY C:/Tcl/lib/teapot/package/win32-ix86/lib/img_pcx1.4.3/tkimgpcx143.dll
MKDIR C:/Tcl/lib/teapot/package/win32-ix86/lib/img_pixmap1.4.3
FILECOPY C:/Tcl/lib/teapot/package/win32-ix86/lib/img_pixmap1.4.3/pkgIndex.tcl
FILECOPY C:/Tcl/lib/teapot/package/win32-ix86/lib/img_pixmap1.4.3/tkimgpixmap143.dll
MKDIR C:/Tcl/lib/teapot/package/win32-ix86/lib/img_png1.4.3
FILECOPY C:/Tcl/lib/teapot/package/win32-ix86/lib/img_png1.4.3/pkgIndex.tcl
FILECOPY C:/Tcl/lib/teapot/package/win32-ix86/lib/img_png1.4.3/tkimgpng143.dll
MKDIR C:/Tcl/lib/teapot/package/win32-ix86/lib/img_ppm1.4.3
FILECOPY C:/Tcl/lib/teapot/package/win32-ix86/lib/img_ppm1.4.3/pkgIndex.tcl
FILECOPY C:/Tcl/lib/teapot/package/win32-ix86/lib/img_ppm1.4.3/tkimgppm143.dll
MKDIR C:/Tcl/lib/teapot/package/win32-ix86/lib/img_ps1.4.3
FILECOPY C:/Tcl/lib/teapot/package/win32-ix86/lib/img_ps1.4.3/pkgIndex.tcl
FILECOPY C:/Tcl/lib/teapot/package/win32-ix86/lib/img_ps1.4.3/tkimgps143.dll
MKDIR C:/Tcl/lib/teapot/package/win32-ix86/lib/img_sgi1.4.3
FILECOPY C:/Tcl/lib/teapot/package/win32-ix86/lib/img_sgi1.4.3/pkgIndex.tcl
FILECOPY C:/Tcl/lib/teapot/package/win32-ix86/lib/img_sgi1.4.3/tkimgsgi143.dll
MKDIR C:/Tcl/lib/teapot/package/win32-ix86/lib/img_sun1.4.3
FILECOPY C:/Tcl/lib/teapot/package/win32-ix86/lib/img_sun1.4.3/pkgIndex.tcl
FILECOPY C:/Tcl/lib/teapot/package/win32-ix86/lib/img_sun1.4.3/tkimgsun143.dll
MKDIR C:/Tcl/lib/teapot/package/win32-ix86/lib/img_tga1.4.3
FILECOPY C:/Tcl/lib/teapot/package/win32-ix86/lib/img_tga1.4.3/pkgIndex.tcl
FILECOPY C:/Tcl/lib/teapot/package/win32-ix86/lib/img_tga1.4.3/tkimgtga143.dll
MKDIR C:/Tcl/lib/teapot/package/win32-ix86/lib/img_tiff1.4.3
FILECOPY C:/Tcl/lib/teapot/package/win32-ix86/lib/img_tiff1.4.3/pkgIndex.tcl
FILECOPY C:/Tcl/lib/teapot/package/win32-ix86/lib/img_tiff1.4.3/tkimgtiff143.dll
MKDIR C:/Tcl/lib/teapot/package/win32-ix86/lib/img_window1.4.3
FILECOPY C:/Tcl/lib/teapot/package/win32-ix86/lib/img_window1.4.3/pkgIndex.tcl
FILECOPY C:/Tcl/lib/teapot/package/win32-ix86/lib/img_window1.4.3/tkimgwindow143.dll
MKDIR C:/Tcl/lib/teapot/package/win32-ix86/lib/img_xbm1.4.3
FILECOPY C:/Tcl/lib/teapot/package/win32-ix86/lib/img_xbm1.4.3/pkgIndex.tcl
FILECOPY C:/Tcl/lib/teapot/package/win32-ix86/lib/img_xbm1.4.3/tkimgxbm143.dll
MKDIR C:/Tcl/lib/teapot/package/win32-ix86/lib/img_xpm1.4.3
FILECOPY C:/Tcl/lib/teapot/package/win32-ix86/lib/img_xpm1.4.3/pkgIndex.tcl
FILECOPY C:/Tcl/lib/teapot/package/win32-ix86/lib/img_xpm1.4.3/tkimgxpm143.dll
MKDIR C:/Tcl/lib/teapot/package/win32-ix86/lib/jpegtcl8.4
FILECOPY C:/Tcl/lib/teapot/package/win32-ix86/lib/jpegtcl8.4/jpegtcl84.dll
FILECOPY C:/Tcl/lib/teapot/package/win32-ix86/lib/jpegtcl8.4/pkgIndex.tcl
MKDIR C:/Tcl/lib/teapot/package/win32-ix86/lib/pngtcl1.4.12
FILECOPY C:/Tcl/lib/teapot/package/win32-ix86/lib/pngtcl1.4.12/pkgIndex.tcl
FILECOPY C:/Tcl/lib/teapot/package/win32-ix86/lib/pngtcl1.4.12/pngtcl1412.dll
MKDIR C:/Tcl/lib/teapot/package/win32-ix86/lib/sqlite33.8.8.3
FILECOPY C:/Tcl/lib/teapot/package/win32-ix86/lib/sqlite33.8.8.3/pkgIndex.tcl
FILECOPY C:/Tcl/lib/teapot/package/win32-ix86/lib/sqlite33.8.8.3/sqlite3883.dll
MKDIR C:/Tcl/lib/teapot/package/win32-ix86/lib/tdom0.8.3
FILECOPY C:/Tcl/lib/teapot/package/win32-ix86/lib/tdom0.8.3/pkgIndex.tcl
FILECOPY C:/Tcl/lib/teapot/package/win32-ix86/lib/tdom0.8.3/tdom.tcl
FILECOPY C:/Tcl/lib/teapot/package/win32-ix86/lib/tdom0.8.3/tdom083.dll
MKDIR C:/Tcl/lib/teapot/package/win32-ix86/lib/tifftcl3.9.4
FILECOPY C:/Tcl/lib/teapot/package/win32-ix86/lib/tifftcl3.9.4/pkgIndex.tcl
FILECOPY C:/Tcl/lib/teapot/package/win32-ix86/lib/tifftcl3.9.4/tifftcl394.dll
MKDIR C:/Tcl/lib/teapot/package/win32-ix86/lib/tls1.6.4
FILECOPY C:/Tcl/lib/teapot/package/win32-ix86/lib/tls1.6.4/pkgIndex.tcl
FILECOPY C:/Tcl/lib/teapot/package/win32-ix86/lib/tls1.6.4/tls.tcl
FILECOPY C:/Tcl/lib/teapot/package/win32-ix86/lib/tls1.6.4/tls164.dll
MKDIR C:/Tcl/lib/teapot/package/win32-ix86/lib/treectrl2.4.1
FILECOPY C:/Tcl/lib/teapot/package/win32-ix86/lib/treectrl2.4.1/filelist-bindings.tcl
FILECOPY C:/Tcl/lib/teapot/package/win32-ix86/lib/treectrl2.4.1/pkgIndex.tcl
FILECOPY C:/Tcl/lib/teapot/package/win32-ix86/lib/treectrl2.4.1/treectrl.tcl
FILECOPY C:/Tcl/lib/teapot/package/win32-ix86/lib/treectrl2.4.1/treectrl24.dll
MKDIR C:/Tcl/lib/teapot/package/win32-ix86/lib/vfs1.4.2
FILECOPY C:/Tcl/lib/teapot/package/win32-ix86/lib/vfs1.4.2/pkgIndex.tcl
FILECOPY C:/Tcl/lib/teapot/package/win32-ix86/lib/vfs1.4.2/vfs.tcl
FILECOPY C:/Tcl/lib/teapot/package/win32-ix86/lib/vfs1.4.2/vfs142.dll
FILECOPY C:/Tcl/lib/teapot/package/win32-ix86/lib/vfs1.4.2/vfsUtils.tcl
FILECOPY C:/Tcl/lib/teapot/package/win32-ix86/lib/vfs1.4.2/vfslib.tcl
MKDIR C:/Tcl/lib/teapot/package/win32-ix86/lib/zlibtcl1.2.8
FILECOPY C:/Tcl/lib/teapot/package/win32-ix86/lib/zlibtcl1.2.8/pkgIndex.tcl
FILECOPY C:/Tcl/lib/teapot/package/win32-ix86/lib/zlibtcl1.2.8/zlibtcl128.dll
MKDIR C:/Tcl/lib/tk8.5
FILECOPY C:/Tcl/lib/tk8.5/bgerror.tcl
FILECOPY C:/Tcl/lib/tk8.5/button.tcl
FILECOPY C:/Tcl/lib/tk8.5/choosedir.tcl
FILECOPY C:/Tcl/lib/tk8.5/clrpick.tcl
FILECOPY C:/Tcl/lib/tk8.5/comdlg.tcl
FILECOPY C:/Tcl/lib/tk8.5/console.tcl
FILECOPY C:/Tcl/lib/tk8.5/dialog.tcl
FILECOPY C:/Tcl/lib/tk8.5/entry.tcl
FILECOPY C:/Tcl/lib/tk8.5/focus.tcl
FILECOPY C:/Tcl/lib/tk8.5/listbox.tcl
FILECOPY C:/Tcl/lib/tk8.5/menu.tcl
FILECOPY C:/Tcl/lib/tk8.5/mkpsenc.tcl
FILECOPY C:/Tcl/lib/tk8.5/msgbox.tcl
FILECOPY C:/Tcl/lib/tk8.5/obsolete.tcl
FILECOPY C:/Tcl/lib/tk8.5/optMenu.tcl
FILECOPY C:/Tcl/lib/tk8.5/palette.tcl
FILECOPY C:/Tcl/lib/tk8.5/panedwindow.tcl
FILECOPY C:/Tcl/lib/tk8.5/pkgIndex.tcl
FILECOPY C:/Tcl/lib/tk8.5/safetk.tcl
FILECOPY C:/Tcl/lib/tk8.5/scale.tcl
FILECOPY C:/Tcl/lib/tk8.5/scrlbar.tcl
FILECOPY C:/Tcl/lib/tk8.5/spinbox.tcl
FILECOPY C:/Tcl/lib/tk8.5/tclIndex
FILECOPY C:/Tcl/lib/tk8.5/tearoff.tcl
FILECOPY C:/Tcl/lib/tk8.5/text.tcl
FILECOPY C:/Tcl/lib/tk8.5/tk.tcl
FILECOPY C:/Tcl/lib/tk8.5/tkAppInit.c
FILECOPY C:/Tcl/lib/tk8.5/tkConfig-shared.sh
FILECOPY C:/Tcl/lib/tk8.5/tkConfig.sh
FILECOPY C:/Tcl/lib/tk8.5/tkfbox.tcl
FILECOPY C:/Tcl/lib/tk8.5/unsupported.tcl
FILECOPY C:/Tcl/lib/tk8.5/xmfbox.tcl
MKDIR C:/Tcl/lib/tk8.5/demos
FILECOPY C:/Tcl/lib/tk8.5/demos/README
FILECOPY C:/Tcl/lib/tk8.5/demos/anilabel.tcl
FILECOPY C:/Tcl/lib/tk8.5/demos/aniwave.tcl
FILECOPY C:/Tcl/lib/tk8.5/demos/arrow.tcl
FILECOPY C:/Tcl/lib/tk8.5/demos/bind.tcl
FILECOPY C:/Tcl/lib/tk8.5/demos/bitmap.tcl
FILECOPY C:/Tcl/lib/tk8.5/demos/browse
FILECOPY C:/Tcl/lib/tk8.5/demos/button.tcl
FILECOPY C:/Tcl/lib/tk8.5/demos/check.tcl
FILECOPY C:/Tcl/lib/tk8.5/demos/clrpick.tcl
FILECOPY C:/Tcl/lib/tk8.5/demos/colors.tcl
FILECOPY C:/Tcl/lib/tk8.5/demos/combo.tcl
FILECOPY C:/Tcl/lib/tk8.5/demos/cscroll.tcl
FILECOPY C:/Tcl/lib/tk8.5/demos/ctext.tcl
FILECOPY C:/Tcl/lib/tk8.5/demos/dialog1.tcl
FILECOPY C:/Tcl/lib/tk8.5/demos/dialog2.tcl
FILECOPY C:/Tcl/lib/tk8.5/demos/en.msg
FILECOPY C:/Tcl/lib/tk8.5/demos/entry1.tcl
FILECOPY C:/Tcl/lib/tk8.5/demos/entry2.tcl
FILECOPY C:/Tcl/lib/tk8.5/demos/entry3.tcl
FILECOPY C:/Tcl/lib/tk8.5/demos/filebox.tcl
FILECOPY C:/Tcl/lib/tk8.5/demos/floor.tcl
FILECOPY C:/Tcl/lib/tk8.5/demos/form.tcl
FILECOPY C:/Tcl/lib/tk8.5/demos/goldberg.tcl
FILECOPY C:/Tcl/lib/tk8.5/demos/hello
FILECOPY C:/Tcl/lib/tk8.5/demos/hscale.tcl
FILECOPY C:/Tcl/lib/tk8.5/demos/icon.tcl
FILECOPY C:/Tcl/lib/tk8.5/demos/image1.tcl
FILECOPY C:/Tcl/lib/tk8.5/demos/image2.tcl
FILECOPY C:/Tcl/lib/tk8.5/demos/items.tcl
FILECOPY C:/Tcl/lib/tk8.5/demos/ixset
FILECOPY C:/Tcl/lib/tk8.5/demos/knightstour.tcl
FILECOPY C:/Tcl/lib/tk8.5/demos/label.tcl
FILECOPY C:/Tcl/lib/tk8.5/demos/labelframe.tcl
FILECOPY C:/Tcl/lib/tk8.5/demos/mclist.tcl
FILECOPY C:/Tcl/lib/tk8.5/demos/menu.tcl
FILECOPY C:/Tcl/lib/tk8.5/demos/menubu.tcl
FILECOPY C:/Tcl/lib/tk8.5/demos/msgbox.tcl
FILECOPY C:/Tcl/lib/tk8.5/demos/nl.msg
FILECOPY C:/Tcl/lib/tk8.5/demos/paned1.tcl
FILECOPY C:/Tcl/lib/tk8.5/demos/paned2.tcl
FILECOPY C:/Tcl/lib/tk8.5/demos/pendulum.tcl
FILECOPY C:/Tcl/lib/tk8.5/demos/plot.tcl
FILECOPY C:/Tcl/lib/tk8.5/demos/puzzle.tcl
FILECOPY C:/Tcl/lib/tk8.5/demos/radio.tcl
FILECOPY C:/Tcl/lib/tk8.5/demos/rmt
FILECOPY C:/Tcl/lib/tk8.5/demos/rolodex
FILECOPY C:/Tcl/lib/tk8.5/demos/ruler.tcl
FILECOPY C:/Tcl/lib/tk8.5/demos/sayings.tcl
FILECOPY C:/Tcl/lib/tk8.5/demos/search.tcl
FILECOPY C:/Tcl/lib/tk8.5/demos/spin.tcl
FILECOPY C:/Tcl/lib/tk8.5/demos/states.tcl
FILECOPY C:/Tcl/lib/tk8.5/demos/style.tcl
FILECOPY C:/Tcl/lib/tk8.5/demos/tclIndex
FILECOPY C:/Tcl/lib/tk8.5/demos/tcolor
FILECOPY C:/Tcl/lib/tk8.5/demos/text.tcl
FILECOPY C:/Tcl/lib/tk8.5/demos/textpeer.tcl
FILECOPY C:/Tcl/lib/tk8.5/demos/timer
FILECOPY C:/Tcl/lib/tk8.5/demos/toolbar.tcl
FILECOPY C:/Tcl/lib/tk8.5/demos/tree.tcl
FILECOPY C:/Tcl/lib/tk8.5/demos/ttkbut.tcl
FILECOPY C:/Tcl/lib/tk8.5/demos/ttkmenu.tcl
FILECOPY C:/Tcl/lib/tk8.5/demos/ttknote.tcl
FILECOPY C:/Tcl/lib/tk8.5/demos/ttkpane.tcl
FILECOPY C:/Tcl/lib/tk8.5/demos/ttkprogress.tcl
FILECOPY C:/Tcl/lib/tk8.5/demos/ttkscale.tcl
FILECOPY C:/Tcl/lib/tk8.5/demos/twind.tcl
FILECOPY C:/Tcl/lib/tk8.5/demos/unicodeout.tcl
FILECOPY C:/Tcl/lib/tk8.5/demos/vscale.tcl
FILECOPY C:/Tcl/lib/tk8.5/demos/widget.tcl
MKDIR C:/Tcl/lib/tk8.5/demos/images
FILECOPY C:/Tcl/lib/tk8.5/demos/images/earth.gif
FILECOPY C:/Tcl/lib/tk8.5/demos/images/earthris.gif
FILECOPY C:/Tcl/lib/tk8.5/demos/images/face.xbm
FILECOPY C:/Tcl/lib/tk8.5/demos/images/flagdown.xbm
FILECOPY C:/Tcl/lib/tk8.5/demos/images/flagup.xbm
FILECOPY C:/Tcl/lib/tk8.5/demos/images/gray25.xbm
FILECOPY C:/Tcl/lib/tk8.5/demos/images/letters.xbm
FILECOPY C:/Tcl/lib/tk8.5/demos/images/noletter.xbm
FILECOPY C:/Tcl/lib/tk8.5/demos/images/pattern.xbm
FILECOPY C:/Tcl/lib/tk8.5/demos/images/tcllogo.gif
FILECOPY C:/Tcl/lib/tk8.5/demos/images/teapot.ppm
MKDIR C:/Tcl/lib/tk8.5/images
FILECOPY C:/Tcl/lib/tk8.5/images/README
FILECOPY C:/Tcl/lib/tk8.5/images/logo.eps
FILECOPY C:/Tcl/lib/tk8.5/images/logo100.gif
FILECOPY C:/Tcl/lib/tk8.5/images/logo64.gif
FILECOPY C:/Tcl/lib/tk8.5/images/logoLarge.gif
FILECOPY C:/Tcl/lib/tk8.5/images/logoMed.gif
FILECOPY C:/Tcl/lib/tk8.5/images/pwrdLogo.eps
FILECOPY C:/Tcl/lib/tk8.5/images/pwrdLogo100.gif
FILECOPY C:/Tcl/lib/tk8.5/images/pwrdLogo150.gif
FILECOPY C:/Tcl/lib/tk8.5/images/pwrdLogo175.gif
FILECOPY C:/Tcl/lib/tk8.5/images/pwrdLogo200.gif
FILECOPY C:/Tcl/lib/tk8.5/images/pwrdLogo75.gif
FILECOPY C:/Tcl/lib/tk8.5/images/tai-ku.gif
MKDIR C:/Tcl/lib/tk8.5/msgs
FILECOPY C:/Tcl/lib/tk8.5/msgs/cs.msg
FILECOPY C:/Tcl/lib/tk8.5/msgs/da.msg
FILECOPY C:/Tcl/lib/tk8.5/msgs/de.msg
FILECOPY C:/Tcl/lib/tk8.5/msgs/el.msg
FILECOPY C:/Tcl/lib/tk8.5/msgs/en.msg
FILECOPY C:/Tcl/lib/tk8.5/msgs/en_gb.msg
FILECOPY C:/Tcl/lib/tk8.5/msgs/eo.msg
FILECOPY C:/Tcl/lib/tk8.5/msgs/es.msg
FILECOPY C:/Tcl/lib/tk8.5/msgs/fr.msg
FILECOPY C:/Tcl/lib/tk8.5/msgs/hu.msg
FILECOPY C:/Tcl/lib/tk8.5/msgs/it.msg
FILECOPY C:/Tcl/lib/tk8.5/msgs/nl.msg
FILECOPY C:/Tcl/lib/tk8.5/msgs/pl.msg
FILECOPY C:/Tcl/lib/tk8.5/msgs/pt.msg
FILECOPY C:/Tcl/lib/tk8.5/msgs/ru.msg
FILECOPY C:/Tcl/lib/tk8.5/msgs/sv.msg
MKDIR C:/Tcl/lib/tk8.5/ttk
FILECOPY C:/Tcl/lib/tk8.5/ttk/altTheme.tcl
FILECOPY C:/Tcl/lib/tk8.5/ttk/aquaTheme.tcl
FILECOPY C:/Tcl/lib/tk8.5/ttk/button.tcl
FILECOPY C:/Tcl/lib/tk8.5/ttk/clamTheme.tcl
FILECOPY C:/Tcl/lib/tk8.5/ttk/classicTheme.tcl
FILECOPY C:/Tcl/lib/tk8.5/ttk/combobox.tcl
FILECOPY C:/Tcl/lib/tk8.5/ttk/cursors.tcl
FILECOPY C:/Tcl/lib/tk8.5/ttk/defaults.tcl
FILECOPY C:/Tcl/lib/tk8.5/ttk/entry.tcl
FILECOPY C:/Tcl/lib/tk8.5/ttk/fonts.tcl
FILECOPY C:/Tcl/lib/tk8.5/ttk/menubutton.tcl
FILECOPY C:/Tcl/lib/tk8.5/ttk/notebook.tcl
FILECOPY C:/Tcl/lib/tk8.5/ttk/panedwindow.tcl
FILECOPY C:/Tcl/lib/tk8.5/ttk/progress.tcl
FILECOPY C:/Tcl/lib/tk8.5/ttk/scale.tcl
FILECOPY C:/Tcl/lib/tk8.5/ttk/scrollbar.tcl
FILECOPY C:/Tcl/lib/tk8.5/ttk/sizegrip.tcl
FILECOPY C:/Tcl/lib/tk8.5/ttk/spinbox.tcl
FILECOPY C:/Tcl/lib/tk8.5/ttk/treeview.tcl
FILECOPY C:/Tcl/lib/tk8.5/ttk/ttk.tcl
FILECOPY C:/Tcl/lib/tk8.5/ttk/utils.tcl
FILECOPY C:/Tcl/lib/tk8.5/ttk/vistaTheme.tcl
FILECOPY C:/Tcl/lib/tk8.5/ttk/winTheme.tcl
FILECOPY C:/Tcl/lib/tk8.5/ttk/xpTheme.tcl
MKDIR C:/Tcl/licenses
FILECOPY C:/Tcl/licenses/License.itcl
FILECOPY C:/Tcl/licenses/License.libogg
FILECOPY C:/Tcl/licenses/License.libvorbis
FILECOPY C:/Tcl/licenses/License.libxml2
FILECOPY C:/Tcl/licenses/License.libxslt
FILECOPY C:/Tcl/licenses/License.metakit
FILECOPY C:/Tcl/licenses/License.snack
FILECOPY C:/Tcl/licenses/License.tbcload
FILECOPY C:/Tcl/licenses/License.tcl
FILECOPY C:/Tcl/licenses/License.tcldom
FILECOPY C:/Tcl/licenses/License.tclplugin
FILECOPY C:/Tcl/licenses/License.tclsoap
FILECOPY C:/Tcl/licenses/License.tclvfs
FILECOPY C:/Tcl/licenses/License.tclxml
FILECOPY C:/Tcl/licenses/License.tclxslt
FILECOPY C:/Tcl/licenses/License.tcom
FILECOPY C:/Tcl/licenses/License.tile
FILECOPY C:/Tcl/licenses/License.tk
FILECOPY C:/Tcl/licenses/License.trofs
FILECOPY C:/Tcl/README-8.5-thread.txt
FILECOPY C:/Tcl/license-at8.5-thread.terms
FILECOPY C:/Tcl/MANIFEST_at8.5.txt
MKDIR {C:\Tcl\demos}
MKDIR C:/Tcl/demos/Tk8.5
FILECOPY C:/Tcl/demos/Tk8.5/README
FILECOPY C:/Tcl/demos/Tk8.5/anilabel.tcl
FILECOPY C:/Tcl/demos/Tk8.5/aniwave.tcl
FILECOPY C:/Tcl/demos/Tk8.5/arrow.tcl
FILECOPY C:/Tcl/demos/Tk8.5/bind.tcl
FILECOPY C:/Tcl/demos/Tk8.5/bitmap.tcl
FILECOPY C:/Tcl/demos/Tk8.5/browse
FILECOPY C:/Tcl/demos/Tk8.5/button.tcl
FILECOPY C:/Tcl/demos/Tk8.5/check.tcl
FILECOPY C:/Tcl/demos/Tk8.5/clrpick.tcl
FILECOPY C:/Tcl/demos/Tk8.5/colors.tcl
FILECOPY C:/Tcl/demos/Tk8.5/combo.tcl
FILECOPY C:/Tcl/demos/Tk8.5/cscroll.tcl
FILECOPY C:/Tcl/demos/Tk8.5/ctext.tcl
FILECOPY C:/Tcl/demos/Tk8.5/dialog1.tcl
FILECOPY C:/Tcl/demos/Tk8.5/dialog2.tcl
FILECOPY C:/Tcl/demos/Tk8.5/en.msg
FILECOPY C:/Tcl/demos/Tk8.5/entry1.tcl
FILECOPY C:/Tcl/demos/Tk8.5/entry2.tcl
FILECOPY C:/Tcl/demos/Tk8.5/entry3.tcl
FILECOPY C:/Tcl/demos/Tk8.5/filebox.tcl
FILECOPY C:/Tcl/demos/Tk8.5/floor.tcl
FILECOPY C:/Tcl/demos/Tk8.5/form.tcl
FILECOPY C:/Tcl/demos/Tk8.5/goldberg.tcl
FILECOPY C:/Tcl/demos/Tk8.5/hello
FILECOPY C:/Tcl/demos/Tk8.5/hscale.tcl
FILECOPY C:/Tcl/demos/Tk8.5/icon.tcl
FILECOPY C:/Tcl/demos/Tk8.5/image1.tcl
FILECOPY C:/Tcl/demos/Tk8.5/image2.tcl
FILECOPY C:/Tcl/demos/Tk8.5/items.tcl
FILECOPY C:/Tcl/demos/Tk8.5/ixset
FILECOPY C:/Tcl/demos/Tk8.5/knightstour.tcl
FILECOPY C:/Tcl/demos/Tk8.5/label.tcl
FILECOPY C:/Tcl/demos/Tk8.5/labelframe.tcl
FILECOPY C:/Tcl/demos/Tk8.5/mclist.tcl
FILECOPY C:/Tcl/demos/Tk8.5/menu.tcl
FILECOPY C:/Tcl/demos/Tk8.5/menubu.tcl
FILECOPY C:/Tcl/demos/Tk8.5/msgbox.tcl
FILECOPY C:/Tcl/demos/Tk8.5/nl.msg
FILECOPY C:/Tcl/demos/Tk8.5/paned1.tcl
FILECOPY C:/Tcl/demos/Tk8.5/paned2.tcl
FILECOPY C:/Tcl/demos/Tk8.5/pendulum.tcl
FILECOPY C:/Tcl/demos/Tk8.5/plot.tcl
FILECOPY C:/Tcl/demos/Tk8.5/puzzle.tcl
FILECOPY C:/Tcl/demos/Tk8.5/radio.tcl
FILECOPY C:/Tcl/demos/Tk8.5/rmt
FILECOPY C:/Tcl/demos/Tk8.5/rolodex
FILECOPY C:/Tcl/demos/Tk8.5/ruler.tcl
FILECOPY C:/Tcl/demos/Tk8.5/sayings.tcl
FILECOPY C:/Tcl/demos/Tk8.5/search.tcl
FILECOPY C:/Tcl/demos/Tk8.5/spin.tcl
FILECOPY C:/Tcl/demos/Tk8.5/square
FILECOPY C:/Tcl/demos/Tk8.5/states.tcl
FILECOPY C:/Tcl/demos/Tk8.5/style.tcl
FILECOPY C:/Tcl/demos/Tk8.5/tclIndex
FILECOPY C:/Tcl/demos/Tk8.5/tcolor
FILECOPY C:/Tcl/demos/Tk8.5/text.tcl
FILECOPY C:/Tcl/demos/Tk8.5/textpeer.tcl
FILECOPY C:/Tcl/demos/Tk8.5/timer
FILECOPY C:/Tcl/demos/Tk8.5/toolbar.tcl
FILECOPY C:/Tcl/demos/Tk8.5/tree.tcl
FILECOPY C:/Tcl/demos/Tk8.5/ttkbut.tcl
FILECOPY C:/Tcl/demos/Tk8.5/ttkmenu.tcl
FILECOPY C:/Tcl/demos/Tk8.5/ttknote.tcl
FILECOPY C:/Tcl/demos/Tk8.5/ttkpane.tcl
FILECOPY C:/Tcl/demos/Tk8.5/ttkprogress.tcl
FILECOPY C:/Tcl/demos/Tk8.5/ttkscale.tcl
FILECOPY C:/Tcl/demos/Tk8.5/twind.tcl
FILECOPY C:/Tcl/demos/Tk8.5/unicodeout.tcl
FILECOPY C:/Tcl/demos/Tk8.5/vscale.tcl
FILECOPY C:/Tcl/demos/Tk8.5/widget.tcl
MKDIR C:/Tcl/demos/Tk8.5/images
FILECOPY C:/Tcl/demos/Tk8.5/images/earth.gif
FILECOPY C:/Tcl/demos/Tk8.5/images/earthris.gif
FILECOPY C:/Tcl/demos/Tk8.5/images/face.xbm
FILECOPY C:/Tcl/demos/Tk8.5/images/flagdown.xbm
FILECOPY C:/Tcl/demos/Tk8.5/images/flagup.xbm
FILECOPY C:/Tcl/demos/Tk8.5/images/gray25.xbm
FILECOPY C:/Tcl/demos/Tk8.5/images/letters.xbm
FILECOPY C:/Tcl/demos/Tk8.5/images/noletter.xbm
FILECOPY C:/Tcl/demos/Tk8.5/images/pattern.xbm
FILECOPY C:/Tcl/demos/Tk8.5/images/tcllogo.gif
FILECOPY C:/Tcl/demos/Tk8.5/images/teapot.ppm
REGKEY {HKEY_CURRENT_USER\SOFTWARE\Classes\ActiveTclScript} {} {ActiveTcl Script}
REGKEY {HKEY_CURRENT_USER\SOFTWARE\Classes\ActiveTclScript\DefaultIcon} {} {C:\Tcl\bin\tk85.dll,0}
REGKEY {HKEY_CURRENT_USER\SOFTWARE\Classes\ActiveTclScript\shell\edit} {} &Edit
REGKEY {HKEY_CURRENT_USER\SOFTWARE\Classes\ActiveTclScript\shell\edit\command} {} {"C:\Windows\system32\write.EXE" "%1"}
REGKEY {HKEY_CURRENT_USER\SOFTWARE\Classes\ActiveTclScript\shell\open\command} {} {"C:\Tcl\bin\wish85.exe" "%1" %*}
REGKEY {HKEY_CURRENT_USER\SOFTWARE\Classes\.tcl} {} ActiveTclScript
REGKEY {HKEY_CURRENT_USER\SOFTWARE\Classes\.tbc} {} ActiveTclScript
REGKEY {HKEY_CURRENT_USER\SOFTWARE\ActiveState\ActiveTcl} CurrentVersion 8.5.18.0
REGKEY {HKEY_CURRENT_USER\SOFTWARE\ActiveState\ActiveTcl\8.5.18.0} {} {C:\Tcl}
REGKEY {HKEY_CURRENT_USER\SOFTWARE\ActiveState\ActiveTcl\8.5.18.0\Help} {} {C:\Tcl\doc\ActiveTclHelp8.5.chm}
MKDIR {C:/Users/IEUser/AppData/Roaming/Microsoft/Windows/Start Menu/Programs/ActiveState ActiveTcl 8.5.18.0}
FILECOPY {C:/Users/IEUser/AppData/Roaming/Microsoft/Windows/Start Menu/Programs/ActiveState ActiveTcl 8.5.18.0/ActiveTcl Help.lnk}
FILECOPY {C:/Users/IEUser/AppData/Roaming/Microsoft/Windows/Start Menu/Programs/ActiveState ActiveTcl 8.5.18.0/Uninstall ActiveTcl 8.5.18.0.lnk}
FILECOPY {C:/Users/IEUser/AppData/Roaming/Microsoft/Windows/Start Menu/Programs/ActiveState ActiveTcl 8.5.18.0/License.lnk}
FILECOPY {C:/Users/IEUser/AppData/Roaming/Microsoft/Windows/Start Menu/Programs/ActiveState ActiveTcl 8.5.18.0/Wish85.lnk}
FILECOPY {C:/Users/IEUser/AppData/Roaming/Microsoft/Windows/Start Menu/Programs/ActiveState ActiveTcl 8.5.18.0/Tclsh85.lnk}
FILECOPY {C:/Users/IEUser/AppData/Roaming/Microsoft/Windows/Start Menu/Programs/ActiveState ActiveTcl 8.5.18.0/tkcon.lnk}
FILECOPY {C:/Users/IEUser/AppData/Roaming/Microsoft/Windows/Start Menu/Programs/ActiveState ActiveTcl 8.5.18.0/VFS Explorer.lnk}
FILECOPY {C:/Users/IEUser/AppData/Roaming/Microsoft/Windows/Start Menu/Programs/ActiveState ActiveTcl 8.5.18.0/Readme.lnk}
MKDIR {C:/Users/IEUser/AppData/Roaming/Microsoft/Windows/Start Menu/Programs/ActiveState ActiveTcl 8.5.18.0/Demos}
FILECOPY {C:/Users/IEUser/AppData/Roaming/Microsoft/Windows/Start Menu/Programs/ActiveState ActiveTcl 8.5.18.0/Demos/Tk.lnk}
FILECOPY C:/Tcl/lib/tcl8.5/teapot-link.txt
